 ga solution min 1.9600000000e+02 max 2.0400000000e+02  fvalue min 9.3289042698e-04  time 7.557675e+03 function evals 1479449
 ga solution min 1.9600001712e+02 max 2.0399998876e+02  fvalue max 1.0814679298e-03  time 7.611905e+03 function evals 1381219

Nodal information - optimization model
Node   X      Y     Restraints       Fx          Fy           U-x    U-y
 1    0.0    0.0    0    0           0.0          0.0                    0               0
 2    1.0    0.0    1    0           0.0          0.0           0.00031295035               0
 3    2.0    0.0    1    0           0.0          0.0           0.00046992558               0
 4    3.0    0.0    1    0           0.0          0.0           0.00056337684               0
 5    4.0    0.0    1    0           0.0          0.0           0.00062577675               0
 6    5.0    0.0    1    0           0.0          0.0           0.00066973448               0
 7    6.0    0.0    1    0           0.0          0.0           0.00070164818               0
 8    7.0    0.0    1    0           0.0          0.0           0.00072525339               0
 9    8.0    0.0    1    0           0.0          0.0           0.00074303852               0
10    9.0    0.0    1    0           0.0          0.0           0.00075698133               0
11   10.0    0.0    1    0           0.0          0.0           0.00076813025               0
12    0.0    0.8    1    1          10.0          0.0           0.00050526833      0.00011121162
13    1.0    0.8    1    1           0.0          0.0           0.00046472816      -3.1656693e-05
14    2.0    0.8    1    1           0.0          0.0           0.00053315704      -3.6570608e-05
15    3.0    0.8    1    1           0.0          0.0           0.00059760868      -3.215511e-05
16    4.0    0.8    1    1           0.0          0.0           0.0006473144      -2.8115516e-05
17    5.0    0.8    1    1           0.0          0.0           0.00068482975      -2.5773994e-05
18    6.0    0.8    1    1           0.0          0.0           0.0007130646      -2.4934091e-05
19    7.0    0.8    1    1           0.0          0.0           0.00073442314      -2.5622723e-05
20    8.0    0.8    1    1           0.0          0.0           0.00075092438      -2.8148961e-05
21    9.0    0.8    1    1           0.0          0.0           0.00076478138      -3.3217439e-05
22   10.0    0.8    1    1           0.0          0.0           0.00077997082      -4.352003e-05
23    0.0    1.5    1    1          10.0          0.0           0.00068371646      0.00016702086
24    1.0    1.5    1    1           0.0          0.0           0.00065272781      2.5880482e-05
25    2.0    1.5    1    1           0.0          0.0           0.00064237014      -3.1876682e-05
26    3.0    1.5    1    1           0.0          0.0           0.00066384198      -4.4120476e-05
27    4.0    1.5    1    1           0.0          0.0           0.00069166963      -4.5885742e-05
28    5.0    1.5    1    1           0.0          0.0           0.00071721378      -4.558717e-05
29    6.0    1.5    1    1           0.0          0.0           0.00073856758      -4.6174943e-05
30    7.0    1.5    1    1           0.0          0.0           0.0007559103      -4.8818427e-05
31    8.0    1.5    1    1           0.0          0.0           0.00077028567      -5.4655634e-05
32    9.0    1.5    1    1           0.0          0.0           0.0007833703      -6.5675449e-05
33   10.0    1.5    1    1           0.0          0.0           0.00079711788      -8.4054463e-05
34    0.0    2.3    1    1          10.0          0.0           0.00081516374      0.00019522315
35    1.0    2.3    1    1           0.0          0.0           0.00077988587      7.3297909e-05
36    2.0    2.3    1    1           0.0          0.0           0.00075412969      -9.2965781e-07
37    3.0    2.3    1    1           0.0          0.0           0.00074592913      -3.6085819e-05
38    4.0    2.3    1    1           0.0          0.0           0.00075177217      -5.036614e-05
39    5.0    2.3    1    1           0.0          0.0           0.00076331672      -5.7099502e-05
40    6.0    2.3    1    1           0.0          0.0           0.00077597173      -6.1962651e-05
41    7.0    2.3    1    1           0.0          0.0           0.00078801183      -6.8250846e-05
42    8.0    2.3    1    1           0.0          0.0           0.00079927025      -7.8236376e-05
43    9.0    2.3    1    1           0.0          0.0           0.00081018939      -9.4705146e-05
44   10.0    2.3    1    1           0.0          0.0           0.00082213449      -0.00012019143
45    0.0    3.0    1    1          10.0          0.0           0.00091322686      0.00021330813
46    1.0    3.0    1    1           0.0          0.0           0.00087982989      0.00010861813
47    2.0    3.0    1    1           0.0          0.0           0.00084886409      3.1435906e-05
48    3.0    3.0    1    1           0.0          0.0           0.00082809383      -1.686291e-05
49    4.0    3.0    1    1           0.0          0.0           0.0008190285      -4.4304586e-05
50    5.0    3.0    1    1           0.0          0.0           0.00081825851      -6.0270107e-05
51    6.0    3.0    1    1           0.0          0.0           0.00082216508      -7.1704097e-05
52    7.0    3.0    1    1           0.0          0.0           0.00082836053      -8.3042036e-05
53    8.0    3.0    1    1           0.0          0.0           0.00083573746      -9.7761176e-05
54    9.0    3.0    1    1           0.0          0.0           0.00084404616      -0.00011925211
55   10.0    3.0    1    1           0.0          0.0           0.00085371171      -0.00015083236
56    0.0    3.8    1    1          10.0          0.0           0.00099349275      0.00022642078
57    1.0    3.8    1    1           0.0          0.0           0.00096146854      0.00013480615
58    2.0    3.8    1    1           0.0          0.0           0.00092975985      5.9619486e-05
59    3.0    3.8    1    1           0.0          0.0           0.00090375041      4.7681689e-06
60    4.0    3.8    1    1           0.0          0.0           0.00088647349      -3.2348881e-05
61    5.0    3.8    1    1           0.0          0.0           0.00087705943      -5.7317931e-05
62    6.0    3.8    1    1           0.0          0.0           0.00087360076      -7.5917902e-05
63    7.0    3.8    1    1           0.0          0.0           0.00087421508      -9.3019914e-05
64    8.0    3.8    1    1           0.0          0.0           0.00087766058      -0.00011268256
65    9.0    3.8    1    1           0.0          0.0           0.00088315333      -0.00013872766
66   10.0    3.8    1    1           0.0          0.0           0.00089027432      -0.00017518081
67    0.0    4.5    1    1          10.0          0.0           0.0010621411      0.00023707412
68    1.0    4.5    1    1           0.0          0.0           0.0010311135      0.00015477524
69    2.0    4.5    1    1           0.0          0.0           0.0009999437      8.2762362e-05
70    3.0    4.5    1    1           0.0          0.0           0.00097206967      2.5028181e-05
71    4.0    4.5    1    1           0.0          0.0           0.00095063022      -1.8502962e-05
72    5.0    4.5    1    1           0.0          0.0           0.00093570946      -5.0674744e-05
73    6.0    4.5    1    1           0.0          0.0           0.00092678478      -7.587228e-05
74    7.0    4.5    1    1           0.0          0.0           0.00092274398      -9.8647915e-05
75    8.0    4.5    1    1           0.0          0.0           0.00092249955      -0.0001230714
76    9.0    4.5    1    1           0.0          0.0           0.00092518717      -0.00015311649
77   10.0    4.5    1    1           0.0          0.0           0.00092984947      -0.00019295695
78    0.0    5.3    1    1          10.0          0.0           0.0011230445      0.00024660035
79    1.0    5.3    1    1           0.0          0.0           0.0010926683      0.00017067549
80    2.0    5.3    1    1           0.0          0.0           0.0010618949      0.00010147629
81    3.0    5.3    1    1           0.0          0.0           0.0010339464      4.2612528e-05
82    4.0    5.3    1    1           0.0          0.0           0.0010100686      -4.8610999e-06
83    5.0    5.3    1    1           0.0          0.0           0.00099167165      -4.2351469e-05
84    6.0    5.3    1    1           0.0          0.0           0.00097889307      -7.2945714e-05
85    7.0    5.3    1    1           0.0          0.0           0.00097120341      -0.00010063845
86    8.0    5.3    1    1           0.0          0.0           0.00096782833      -0.00012934264
87    9.0    5.3    1    1           0.0          0.0           0.00096793203      -0.00016268164
88   10.0    5.3    1    1           0.0          0.0           0.0009703519      -0.00020449904
89    0.0    6.0    1    1          10.0          0.0           0.0011791852      0.00025588907
90    1.0    6.0    1    1           0.0          0.0           0.0011486719      0.00018394263
91    2.0    6.0    1    1           0.0          0.0           0.0011185811      0.00011678175
92    3.0    6.0    1    1           0.0          0.0           0.0010896387      5.770022e-05
93    4.0    6.0    1    1           0.0          0.0           0.001064176      7.7562668e-06
94    5.0    6.0    1    1           0.0          0.0           0.0010433504      -3.3517132e-05
95    6.0    6.0    1    1           0.0          0.0           0.0010277429      -6.8370767e-05
96    7.0    6.0    1    1           0.0          0.0           0.0010172455      -9.9919513e-05
97    8.0    6.0    1    1           0.0          0.0           0.0010113445      -0.0001320085
98    9.0    6.0    1    1           0.0          0.0           0.0010093163      -0.00016804571
99   10.0    6.0    1    1           0.0          0.0           0.001009878      -0.00021070649
100    0.0    6.8    1    1          10.0          0.0           0.0012326134      0.00026512571
101    1.0    6.8    1    1           0.0          0.0           0.0012027963      0.00019567863
102    2.0    6.8    1    1           0.0          0.0           0.0011707153      0.00013047598
103    3.0    6.8    1    1           0.0          0.0           0.0011401655      7.0747569e-05
104    4.0    6.8    1    1           0.0          0.0           0.0011126414      1.9068467e-05
105    5.0    6.8    1    1           0.0          0.0           0.0010894917      -2.4879671e-05
106    6.0    6.8    1    1           0.0          0.0           0.0010714516      -6.2696966e-05
107    7.0    6.8    1    1           0.0          0.0           0.0010587646      -9.7230135e-05
108    8.0    6.8    1    1           0.0          0.0           0.0010511311      -0.00013198206
109    9.0    6.8    1    1           0.0          0.0           0.0010476624      -0.00017001593
110   10.0    6.8    1    1           0.0          0.0           0.001047003      -0.00021304445
111    0.0    7.5    1    1          10.0          0.0           0.0012913376      0.00027376
112    1.0    7.5    1    1           0.0          0.0           0.0012546168      0.00020893304
113    2.0    7.5    1    1           0.0          0.0           0.0012199113      0.00014370046
114    3.0    7.5    1    1           0.0          0.0           0.0011863229      8.3441113e-05
115    4.0    7.5    1    1           0.0          0.0           0.0011551603      3.0378752e-05
116    5.0    7.5    1    1           0.0          0.0           0.0011284564      -1.5670906e-05
117    6.0    7.5    1    1           0.0          0.0           0.0011076382      -5.5976406e-05
118    7.0    7.5    1    1           0.0          0.0           0.0010933518      -9.317633e-05
119    8.0    7.5    1    1           0.0          0.0           0.0010852898      -0.00013023026
120    9.0    7.5    1    1           0.0          0.0           0.0010820885      -0.00016994122
121   10.0    7.5    1    1           0.0          0.0           0.0010814679      -0.00021340779
