File name popova1group 
Nodal information - Assembled  model
Node   X      Y     Restraints       Fx          Fy           beta-x    beta-y
 1    0.0    0.0    0    0           0.0          0.0           0.000      0.000
 2    1.0    0.0    1    0           0.0          0.0           0.000      0.000
 3    0.0    0.8    1    1          10.0          0.0           0.050      0.000
 4    1.0    0.8    1    1           0.0          0.0           0.000      0.000
Element information- Assembled model
Element    Nodes    Area            E        alfa      group no.    group gamma 
 1         1   2    0.001000   2.000e+08   0.02000          1           0.00980
 2         3   4    0.001000   2.000e+08   0.02000          1           0.00980
 3         1   3    0.001000   2.000e+08   0.02000          2           0.00980
 4         2   4    0.001000   2.000e+08   0.02000          2           0.00980
 5         1   4    0.001000   2.000e+08   0.02000          3           0.00980
 6         2   3    0.001000   2.000e+08   0.02000          4           0.00980
Groups Interval Solution
Number of Groups
 4
Group Number        Group Uncertainty   
 1                       0.00980    
 2                       0.00980    
 3                       0.00980    
 4                       0.00980    
Combinatorial solution ran
Number of combinations force 2, combinations E 64, combinations G (groups) 16
vertex solution time  4.264279e-01
_______________________________________________________________________________________________________________________
Centered Solution 
Element    node x- displacement                 y- displacement
 1          1    0.0000000000e+00             0.0000000000e+00
 1          2    2.5000000000e-05             0.0000000000e+00 
 2          3    8.4375000000e-05             1.4062500000e-05
 2          4    5.9375000000e-05             -1.4062500000e-05 
 3          1    0.0000000000e+00             0.0000000000e+00
 3          3    8.4375000000e-05             1.4062500000e-05 
 4          2    2.5000000000e-05             0.0000000000e+00
 4          4    5.9375000000e-05             -1.4062500000e-05 
 5          1    0.0000000000e+00             0.0000000000e+00
 5          4    5.9375000000e-05             -1.4062500000e-05 
 6          2    2.5000000000e-05             0.0000000000e+00
 6          3    8.4375000000e-05             1.4062500000e-05 
_______________________________________________________________________________________________________________________
Solution vector using EBE old method
Element    node                     x- displacement                        y- displacement
 1          1    [-0.0000000000e+00,0.0000000000e+00] [-0.0000000000e+00,0.0000000000e+00]
 1          2    [2.2825612562e-05,2.7174387438e-05] [-0.0000000000e+00,0.0000000000e+00]
 2          3    [7.8327225800e-05,9.0422774200e-05] [1.2786107006e-05,1.5338892994e-05]
 2          4    [5.4738259208e-05,6.4011740792e-05] [-1.5338892994e-05,-1.2786107006e-05]
 3          1    [-0.0000000000e+00,0.0000000000e+00] [-0.0000000000e+00,0.0000000000e+00]
 3          3    [7.8327225800e-05,9.0422774200e-05] [1.2786107006e-05,1.5338892994e-05]
 4          2    [2.2825612562e-05,2.7174387438e-05] [-0.0000000000e+00,0.0000000000e+00]
 4          4    [5.4738259208e-05,6.4011740792e-05] [-1.5338892994e-05,-1.2786107006e-05]
 5          1    [-0.0000000000e+00,0.0000000000e+00] [-0.0000000000e+00,0.0000000000e+00]
 5          4    [5.4738259208e-05,6.4011740792e-05] [-1.5338892994e-05,-1.2786107006e-05]
 6          2    [2.2825612562e-05,2.7174387438e-05] [-0.0000000000e+00,0.0000000000e+00]
 6          3    [7.8327225800e-05,9.0422774200e-05] [1.2786107006e-05,1.5338892994e-05]
_______________________________________________________________________________________________________________________
Solution vector using EBE only union method
Element    node                     x- displacement                        y- displacement
 1          1    [-0.0000000000e+00,0.0000000000e+00] [-0.0000000000e+00,0.0000000000e+00]
 1          2    [2.2825612562e-05,2.7174387438e-05] [-0.0000000000e+00,0.0000000000e+00]
 2          3    [7.8327225800e-05,9.0422774200e-05] [1.2786107006e-05,1.5338892994e-05]
 2          4    [5.4738259208e-05,6.4011740792e-05] [-1.5338892994e-05,-1.2786107006e-05]
 3          1    [-0.0000000000e+00,0.0000000000e+00] [-0.0000000000e+00,0.0000000000e+00]
 3          3    [7.8327225800e-05,9.0422774200e-05] [1.2786107006e-05,1.5338892994e-05]
 4          2    [2.2825612562e-05,2.7174387438e-05] [-0.0000000000e+00,0.0000000000e+00]
 4          4    [5.4738259208e-05,6.4011740792e-05] [-1.5338892994e-05,-1.2786107006e-05]
 5          1    [-0.0000000000e+00,0.0000000000e+00] [-0.0000000000e+00,0.0000000000e+00]
 5          4    [5.4738259208e-05,6.4011740792e-05] [-1.5338892994e-05,-1.2786107006e-05]
 6          2    [2.2825612562e-05,2.7174387438e-05] [-0.0000000000e+00,0.0000000000e+00]
 6          3    [7.8327225800e-05,9.0422774200e-05] [1.2786107006e-05,1.5338892994e-05]
_______________________________________________________________________________________________________________________
Groups solution 
Element    node                     x- displacement                        y- displacement
 1          1    [-0.0000000000e+00,0.0000000000e+00] [-0.0000000000e+00,0.0000000000e+00]
 1          2    [2.2379185218e-05,2.7611012782e-05] [-0.0000000000e+00,0.0000000000e+00]
 2          3    [7.7380433381e-05,9.1336484869e-05] [1.2531132427e-05,1.5588353948e-05]
 2          4    [5.4051277421e-05,6.4675442828e-05] [-1.5588353948e-05,-1.2531132427e-05]
 3          1    [-0.0000000000e+00,0.0000000000e+00] [-0.0000000000e+00,0.0000000000e+00]
 3          3    [7.7380433381e-05,9.1336484869e-05] [1.2531132427e-05,1.5588353948e-05]
 4          2    [2.2379185218e-05,2.7611012782e-05] [-0.0000000000e+00,0.0000000000e+00]
 4          4    [5.4051277421e-05,6.4675442828e-05] [-1.5588353948e-05,-1.2531132427e-05]
 5          1    [-0.0000000000e+00,0.0000000000e+00] [-0.0000000000e+00,0.0000000000e+00]
 5          4    [5.4051277421e-05,6.4675442828e-05] [-1.5588353948e-05,-1.2531132427e-05]
 6          2    [2.2379185218e-05,2.7611012782e-05] [-0.0000000000e+00,0.0000000000e+00]
 6          3    [7.7380433381e-05,9.1336484869e-05] [1.2531132427e-05,1.5588353948e-05]
_______________________________________________________________________________________________________________________
end-point solution  
    node                     x- displacement                        y- displacement
 1     [0.0000000000e+00,0.0000000000e+00] [0.0000000000e+00,0.0000000000e+00]
 2     [2.2598926690e-05,2.7580359190e-05] [0.0000000000e+00,0.0000000000e+00]
 3     [7.7821601909e-05,9.1296852939e-05] [1.2668493961e-05,1.5567533568e-05]
 4     [5.4429661210e-05,6.4621366324e-05] [-1.5567533568e-05,-1.2668493961e-05]

 end-point solution  
   element                   force                     strain 
 1      [4.6279526955e+00,5.3848943892e+00] [2.2598926690e-05,2.7580359190e-05]
 2      [-5.3848943892e+00,-4.6279526955e+00] [-2.7580359190e-05,-2.2598926690e-05]
 3      [3.4709645216e+00,4.0386707919e+00] [1.6891325282e-05,2.0756711424e-05]
 4      [-4.0386707919e+00,-3.4709645216e+00] [-2.0756711424e-05,-1.6891325282e-05]
 5      [5.7849408694e+00,6.7311179865e+00] [2.8574344574e-05,3.4095300686e-05]
 6      [-6.7311179865e+00,-5.7849408694e+00] [-3.4095300686e-05,-2.8574344574e-05]
_______________________________________________________________________________________________________________________
WIDTH AND ERROR OF SOLUTION VECTOR
-----------------------------------------------------------------------------------------------------------------------
             Combin.solution      New approach       Error%       LB-Error%    UB-Error%
________________________________________________________________________________________________________________________
Elem node                    
 1    1  u   0.0000000000e+00    0.0000000000e+00      ----        ----         ----
         v   0.0000000000e+00    0.0000000000e+00      ----        ----         ----
      2  u   4.9814324995e-06    5.2318275644e-06   5.026567      0.9724       0.1111
         v   0.0000000000e+00    0.0000000000e+00     ----         ----         ----
-----------------------------------------------------------------------------------------------
 2    3  u   1.3475251031e-05    1.3956051488e-05   3.568026      0.5669       0.0434
         v   2.8990396067e-06    3.0572215216e-06   5.456356      1.0843       0.1337
      4  u   1.0191705115e-05    1.0624165407e-05   4.243258      0.6952       0.0837
         v   2.8990396067e-06    3.0572215216e-06   5.456356      0.1337       1.0843
-----------------------------------------------------------------------------------------------
 3    1  u   0.0000000000e+00    0.0000000000e+00      ----        ----         ----
         v   0.0000000000e+00    0.0000000000e+00      ----        ----         ----
      3  u   1.3475251031e-05    1.3956051488e-05   3.568026      0.5669       0.0434
         v   2.8990396067e-06    3.0572215216e-06   5.456356      1.0843       0.1337
-----------------------------------------------------------------------------------------------
 4    2  u   4.9814324995e-06    5.2318275644e-06   5.026567      0.9724       0.1111
         v   0.0000000000e+00    0.0000000000e+00      ----        ----         ----
      4  u   1.0191705115e-05    1.0624165407e-05   4.243258      0.6952       0.0837
         v   2.8990396067e-06    3.0572215216e-06   5.456356      0.1337       1.0843
-----------------------------------------------------------------------------------------------
 5    1  u   0.0000000000e+00    0.0000000000e+00      ----        ----         ----
         v   0.0000000000e+00    0.0000000000e+00      ----        ----         ----
      4  u   1.0191705115e-05    1.0624165407e-05   4.243258      0.6952       0.0837
         v   2.8990396067e-06    3.0572215216e-06   5.456356      0.1337       1.0843
-----------------------------------------------------------------------------------------------
 6    2  u   4.9814324995e-06    5.2318275644e-06   5.026567      0.9724       0.1111
         v   0.0000000000e+00    0.0000000000e+00      ----        ----         ----
      3  u   1.3475251031e-05    1.3956051488e-05   3.568026      0.5669       0.0434
         v   2.8990396067e-06    3.0572215216e-06   5.456356      1.0843       0.1337
-----------------------------------------------------------------------------------------------
_________________________________________________________________________________________________
A X I A L  F O R C E   I N   M E M B E R S  EBE only 
---------------------------------------------------------------------------------------------------
MEMBER  Combinatorial Solution      Present solution       Error%       LB-Error%     UB-Error%
  1  [  4.627953,  5.384894]  [  4.641613,  5.358387]    -5.306678     -0.295178     -0.492262
  2  [ -5.384894, -4.627953]  [ -5.358387, -4.641613]    -5.306678     -0.492262     -0.295178
  3  [  3.470965,  4.038671]  [  3.481210,  4.018790]    -5.306678     -0.295178     -0.492262
  4  [ -4.038671, -3.470965]  [ -4.018790, -3.481210]    -5.306678     -0.492262     -0.295178
  5  [  5.784941,  6.731118]  [  5.802017,  6.697983]    -5.306678     -0.295178     -0.492262
  6  [ -6.731118, -5.784941]  [ -6.697983, -5.802017]    -5.306678     -0.492262     -0.295178
_________________________________________________________________________________________________
G R O U P S  A X I A L  F O R C E   I N   M E M B E R S 
---------------------------------------------------------------------------------------------------
MEMBER  Combinatorial Solution      Present solution       Error%       LB-Error%     UB-Error%
  1  [  4.627953,  5.384894]  [  4.607054,  5.392946]     3.824638      0.451575      0.149522
  2  [ -5.384894, -4.627953]  [ -5.392946, -4.607054]     3.824638      0.149522      0.451575
  3  [  3.470965,  4.038671]  [  3.455291,  4.044709]     3.824638      0.451575      0.149522
  4  [ -4.038671, -3.470965]  [ -4.044709, -3.455291]     3.824638      0.149522      0.451575
  5  [  5.784941,  6.731118]  [  5.758818,  6.741182]     3.824638      0.451575      0.149522
  6  [ -6.731118, -5.784941]  [ -6.741182, -5.758818]     3.824638      0.149522      0.451575
_____________________________________________________________________________
S T R E S S E S   A N D   S T R A I N S    I N   M E M B E R S 
-----------------------------------------------------------------------------
MEMBER           stress (N/m^2)                 Strain (computed from stress) 
 1      [   4.56232533e+03,   5.44634149e+03]   [   2.23643399e-05,   2.77874566e-05]
 2      [  -5.44634149e+03,  -4.56232533e+03]   [  -2.77874566e-05,  -2.23643399e-05]
 3      [   3.42174400e+03,   4.08475612e+03]   [   1.67732549e-05,   2.08405924e-05]
 4      [  -4.08475612e+03,  -3.42174400e+03]   [  -2.08405924e-05,  -1.67732549e-05]
 5      [   5.70290667e+03,   6.80792687e+03]   [   2.79554248e-05,   3.47343207e-05]
 6      [  -6.80792687e+03,  -5.70290667e+03]   [  -3.47343207e-05,  -2.79554248e-05]
___________________________________________________________________________________________________
S T R A I N S   I N   M E M B E R S 
---------------------------------------------------------------------------------------------------
MEMBER  Combinatorial Solution              New Formulation                   Error%      LB-Error%     UB-Error%
  1  [   2.259893e-05,   2.758036e-05]  [   2.237919e-05,   2.761101e-05]     5.026567      0.972354      0.111143
  2  [  -2.758036e-05,  -2.259893e-05]  [  -2.761101e-05,  -2.237919e-05]     5.026567      0.111143      0.972354
  3  [   1.689133e-05,   2.075671e-05]  [   1.670818e-05,   2.078447e-05]     5.456356      1.084277      0.133742
  4  [  -2.075671e-05,  -1.689133e-05]  [  -2.078447e-05,  -1.670818e-05]     5.456356      0.133742      1.084277
  5  [   2.857434e-05,   3.409530e-05]  [   2.836001e-05,   3.412774e-05]     4.469747      0.750097      0.095138
  6  [  -3.409530e-05,  -2.857434e-05]  [  -3.412774e-05,  -2.836001e-05]     4.469747      0.095138      0.750097
