File name popova20group 
Nodal information - Assembled  model
Node   X      Y     Restraints       Fx          Fy           beta-x    beta-y
 1    0.0    0.0    0    0           0.0          0.0           0.000      0.000
 2    1.0    0.0    1    0           0.0          0.0           0.000      0.000
 3    0.0    0.8    1    1          10.0          0.0           0.050      0.000
 4    1.0    0.8    1    1           0.0          0.0           0.000      0.000
 5    0.0    1.5    1    1          10.0          0.0           0.050      0.000
 6    1.0    1.5    1    1           0.0          0.0           0.000      0.000
 7    0.0    2.2    1    1          10.0          0.0           0.050      0.000
 8    1.0    2.2    1    1           0.0          0.0           0.000      0.000
 9    0.0    3.0    1    1          10.0          0.0           0.050      0.000
10    1.0    3.0    1    1           0.0          0.0           0.000      0.000
11    0.0    3.8    1    1          10.0          0.0           0.050      0.000
12    1.0    3.8    1    1           0.0          0.0           0.000      0.000
13    0.0    4.5    1    1          10.0          0.0           0.050      0.000
14    1.0    4.5    1    1           0.0          0.0           0.000      0.000
15    0.0    5.2    1    1          10.0          0.0           0.050      0.000
16    1.0    5.2    1    1           0.0          0.0           0.000      0.000
17    0.0    6.0    1    1          10.0          0.0           0.050      0.000
18    1.0    6.0    1    1           0.0          0.0           0.000      0.000
19    0.0    6.8    1    1          10.0          0.0           0.050      0.000
20    1.0    6.8    1    1           0.0          0.0           0.000      0.000
21    0.0    7.5    1    1          10.0          0.0           0.050      0.000
22    1.0    7.5    1    1           0.0          0.0           0.000      0.000
23    0.0    8.2    1    1          10.0          0.0           0.050      0.000
24    1.0    8.2    1    1           0.0          0.0           0.000      0.000
25    0.0    9.0    1    1          10.0          0.0           0.050      0.000
26    1.0    9.0    1    1           0.0          0.0           0.000      0.000
27    0.0    9.8    1    1          10.0          0.0           0.050      0.000
28    1.0    9.8    1    1           0.0          0.0           0.000      0.000
29    0.0   10.5    1    1          10.0          0.0           0.050      0.000
30    1.0   10.5    1    1           0.0          0.0           0.000      0.000
31    0.0   11.2    1    1          10.0          0.0           0.050      0.000
32    1.0   11.2    1    1           0.0          0.0           0.000      0.000
33    0.0   12.0    1    1          10.0          0.0           0.050      0.000
34    1.0   12.0    1    1           0.0          0.0           0.000      0.000
35    0.0   12.8    1    1          10.0          0.0           0.050      0.000
36    1.0   12.8    1    1           0.0          0.0           0.000      0.000
37    0.0   13.5    1    1          10.0          0.0           0.050      0.000
38    1.0   13.5    1    1           0.0          0.0           0.000      0.000
39    0.0   14.2    1    1          10.0          0.0           0.050      0.000
40    1.0   14.2    1    1           0.0          0.0           0.000      0.000
41    0.0   15.0    1    1          10.0          0.0           0.050      0.000
42    1.0   15.0    1    1           0.0          0.0           0.000      0.000
Element information- Assembled model
Element    Nodes    Area            E        alfa      group no.    group gamma 
 1         1   2    0.001000   2.000e+08   0.02000          1           0.00980
 2         3   4    0.001000   2.000e+08   0.02000          1           0.00980
 3         5   6    0.001000   2.000e+08   0.02000          1           0.00980
 4         7   8    0.001000   2.000e+08   0.02000          1           0.00980
 5         9  10    0.001000   2.000e+08   0.02000          1           0.00980
 6        11  12    0.001000   2.000e+08   0.02000          1           0.00980
 7        13  14    0.001000   2.000e+08   0.02000          1           0.00980
 8        15  16    0.001000   2.000e+08   0.02000          1           0.00980
 9        17  18    0.001000   2.000e+08   0.02000          1           0.00980
10        19  20    0.001000   2.000e+08   0.02000          1           0.00980
11        21  22    0.001000   2.000e+08   0.02000          1           0.00980
12        23  24    0.001000   2.000e+08   0.02000          1           0.00980
13        25  26    0.001000   2.000e+08   0.02000          1           0.00980
14        27  28    0.001000   2.000e+08   0.02000          1           0.00980
15        29  30    0.001000   2.000e+08   0.02000          1           0.00980
16        31  32    0.001000   2.000e+08   0.02000          1           0.00980
17        33  34    0.001000   2.000e+08   0.02000          1           0.00980
18        35  36    0.001000   2.000e+08   0.02000          1           0.00980
19        37  38    0.001000   2.000e+08   0.02000          1           0.00980
20        39  40    0.001000   2.000e+08   0.02000          1           0.00980
21        41  42    0.001000   2.000e+08   0.02000          1           0.00980
22         1   3    0.001000   2.000e+08   0.02000          2           0.00980
23         3   5    0.001000   2.000e+08   0.02000          2           0.00980
24         5   7    0.001000   2.000e+08   0.02000          2           0.00980
25         7   9    0.001000   2.000e+08   0.02000          2           0.00980
26         9  11    0.001000   2.000e+08   0.02000          2           0.00980
27        11  13    0.001000   2.000e+08   0.02000          2           0.00980
28        13  15    0.001000   2.000e+08   0.02000          2           0.00980
29        15  17    0.001000   2.000e+08   0.02000          2           0.00980
30        17  19    0.001000   2.000e+08   0.02000          2           0.00980
31        19  21    0.001000   2.000e+08   0.02000          2           0.00980
32        21  23    0.001000   2.000e+08   0.02000          2           0.00980
33        23  25    0.001000   2.000e+08   0.02000          2           0.00980
34        25  27    0.001000   2.000e+08   0.02000          2           0.00980
35        27  29    0.001000   2.000e+08   0.02000          2           0.00980
36        29  31    0.001000   2.000e+08   0.02000          2           0.00980
37        31  33    0.001000   2.000e+08   0.02000          2           0.00980
38        33  35    0.001000   2.000e+08   0.02000          2           0.00980
39        35  37    0.001000   2.000e+08   0.02000          2           0.00980
40        37  39    0.001000   2.000e+08   0.02000          2           0.00980
41        39  41    0.001000   2.000e+08   0.02000          2           0.00980
42         2   4    0.001000   2.000e+08   0.02000          2           0.00980
43         4   6    0.001000   2.000e+08   0.02000          2           0.00980
44         6   8    0.001000   2.000e+08   0.02000          2           0.00980
45         8  10    0.001000   2.000e+08   0.02000          2           0.00980
46        10  12    0.001000   2.000e+08   0.02000          2           0.00980
47        12  14    0.001000   2.000e+08   0.02000          2           0.00980
48        14  16    0.001000   2.000e+08   0.02000          2           0.00980
49        16  18    0.001000   2.000e+08   0.02000          2           0.00980
50        18  20    0.001000   2.000e+08   0.02000          2           0.00980
51        20  22    0.001000   2.000e+08   0.02000          2           0.00980
52        22  24    0.001000   2.000e+08   0.02000          2           0.00980
53        24  26    0.001000   2.000e+08   0.02000          2           0.00980
54        26  28    0.001000   2.000e+08   0.02000          2           0.00980
55        28  30    0.001000   2.000e+08   0.02000          2           0.00980
56        30  32    0.001000   2.000e+08   0.02000          2           0.00980
57        32  34    0.001000   2.000e+08   0.02000          2           0.00980
58        34  36    0.001000   2.000e+08   0.02000          2           0.00980
59        36  38    0.001000   2.000e+08   0.02000          2           0.00980
60        38  40    0.001000   2.000e+08   0.02000          2           0.00980
61        40  42    0.001000   2.000e+08   0.02000          2           0.00980
62         1   4    0.001000   2.000e+08   0.02000          3           0.00980
63         3   6    0.001000   2.000e+08   0.02000          3           0.00980
64         5   8    0.001000   2.000e+08   0.02000          3           0.00980
65         7  10    0.001000   2.000e+08   0.02000          3           0.00980
66         9  12    0.001000   2.000e+08   0.02000          3           0.00980
67        11  14    0.001000   2.000e+08   0.02000          3           0.00980
68        13  16    0.001000   2.000e+08   0.02000          3           0.00980
69        15  18    0.001000   2.000e+08   0.02000          3           0.00980
70        17  20    0.001000   2.000e+08   0.02000          3           0.00980
71        19  22    0.001000   2.000e+08   0.02000          3           0.00980
72        21  24    0.001000   2.000e+08   0.02000          3           0.00980
73        23  26    0.001000   2.000e+08   0.02000          3           0.00980
74        25  28    0.001000   2.000e+08   0.02000          3           0.00980
75        27  30    0.001000   2.000e+08   0.02000          3           0.00980
76        29  32    0.001000   2.000e+08   0.02000          3           0.00980
77        31  34    0.001000   2.000e+08   0.02000          3           0.00980
78        33  36    0.001000   2.000e+08   0.02000          3           0.00980
79        35  38    0.001000   2.000e+08   0.02000          3           0.00980
80        37  40    0.001000   2.000e+08   0.02000          3           0.00980
81        39  42    0.001000   2.000e+08   0.02000          3           0.00980
82         2   3    0.001000   2.000e+08   0.02000          4           0.00980
83         4   5    0.001000   2.000e+08   0.02000          4           0.00980
84         6   7    0.001000   2.000e+08   0.02000          4           0.00980
85         8   9    0.001000   2.000e+08   0.02000          4           0.00980
86        10  11    0.001000   2.000e+08   0.02000          4           0.00980
87        12  13    0.001000   2.000e+08   0.02000          4           0.00980
88        14  15    0.001000   2.000e+08   0.02000          4           0.00980
89        16  17    0.001000   2.000e+08   0.02000          4           0.00980
90        18  19    0.001000   2.000e+08   0.02000          4           0.00980
91        20  21    0.001000   2.000e+08   0.02000          4           0.00980
92        22  23    0.001000   2.000e+08   0.02000          4           0.00980
93        24  25    0.001000   2.000e+08   0.02000          4           0.00980
94        26  27    0.001000   2.000e+08   0.02000          4           0.00980
95        28  29    0.001000   2.000e+08   0.02000          4           0.00980
96        30  31    0.001000   2.000e+08   0.02000          4           0.00980
97        32  33    0.001000   2.000e+08   0.02000          4           0.00980
98        34  35    0.001000   2.000e+08   0.02000          4           0.00980
99        36  37    0.001000   2.000e+08   0.02000          4           0.00980
100        38  39    0.001000   2.000e+08   0.02000          4           0.00980
101        40  41    0.001000   2.000e+08   0.02000          4           0.00980
Groups Interval Solution
Number of Groups
 4
Group Number        Group Uncertainty   
 1                       0.00980    
 2                       0.00980    
 3                       0.00980    
 4                       0.00980    
