Program hybrid interval  particle swarm - sensitivity 
 input file name popova5group 
Nodal information - Assembled  model
Node   X      Y     Restraints       Fx          Fy           beta-x    beta-y
 1    0.0    0.0    0    0           0.0          0.0           0.000      0.000
 2    1.0    0.0    1    0           0.0          0.0           0.000      0.000
 3    0.0    0.8    1    1          10.0          0.0           0.050      0.000
 4    1.0    0.8    1    1           0.0          0.0           0.000      0.000
 5    0.0    1.5    1    1          10.0          0.0           0.050      0.000
 6    1.0    1.5    1    1           0.0          0.0           0.000      0.000
 7    0.0    2.2    1    1          10.0          0.0           0.050      0.000
 8    1.0    2.2    1    1           0.0          0.0           0.000      0.000
 9    0.0    3.0    1    1          10.0          0.0           0.050      0.000
10    1.0    3.0    1    1           0.0          0.0           0.000      0.000
11    0.0    3.8    1    1          10.0          0.0           0.050      0.000
12    1.0    3.8    1    1           0.0          0.0           0.000      0.000
Element information- Assembled model
Element    Nodes    Area            E        alfa      group no.    group gamma 
 1         1   2    0.001000   2.000e+08   0.02000          1           0.00980
 2         3   4    0.001000   2.000e+08   0.02000          1           0.00980
 3         5   6    0.001000   2.000e+08   0.02000          1           0.00980
 4         7   8    0.001000   2.000e+08   0.02000          1           0.00980
 5         9  10    0.001000   2.000e+08   0.02000          1           0.00980
 6        11  12    0.001000   2.000e+08   0.02000          1           0.00980
 7         1   3    0.001000   2.000e+08   0.02000          2           0.00980
 8         3   5    0.001000   2.000e+08   0.02000          2           0.00980
 9         5   7    0.001000   2.000e+08   0.02000          2           0.00980
10         7   9    0.001000   2.000e+08   0.02000          2           0.00980
11         9  11    0.001000   2.000e+08   0.02000          2           0.00980
12         2   4    0.001000   2.000e+08   0.02000          2           0.00980
13         4   6    0.001000   2.000e+08   0.02000          2           0.00980
14         6   8    0.001000   2.000e+08   0.02000          2           0.00980
15         8  10    0.001000   2.000e+08   0.02000          2           0.00980
16        10  12    0.001000   2.000e+08   0.02000          2           0.00980
17         1   4    0.001000   2.000e+08   0.02000          3           0.00980
18         3   6    0.001000   2.000e+08   0.02000          3           0.00980
19         5   8    0.001000   2.000e+08   0.02000          3           0.00980
20         7  10    0.001000   2.000e+08   0.02000          3           0.00980
21         9  12    0.001000   2.000e+08   0.02000          3           0.00980
22         2   3    0.001000   2.000e+08   0.02000          4           0.00980
23         4   5    0.001000   2.000e+08   0.02000          4           0.00980
24         6   7    0.001000   2.000e+08   0.02000          4           0.00980
25         8   9    0.001000   2.000e+08   0.02000          4           0.00980
26        10  11    0.001000   2.000e+08   0.03000          4           0.00980
Groups Interval Solution
Number of Groups
 4
Group Number        Group Uncertainty   
 1                       0.00980    
 2                       0.00980    
 3                       0.00980    
 4                       0.00980    
hybrid3 particle swarm - sensitivity with angles independent angle with range 0.785398
 particle swarm solution angle min -7.8539816340e-01 max  0.0000000000e+00  fvalue min 4.0292815788e-03  time 2.333458e+00 function evals 1150
 particle swarm solution angle min -6.7360400689e-01 max -1.7366902819e-01  fvalue min 5.5767318451e-03  time 5.460558e+00 function evals 3050
