fixed point interval solution time  1.383592e-01
Combinatorial solution being skipped
Nodal information - Assembled  model
Node   X      Y     Restraints       Fx          Fy           beta-x    beta-y
 1    0.0    0.0    0    0           0.0          0.0           0.000      0.000
 2    1.0    0.0    1    0           0.0          0.0           0.000      0.000
 3    0.0    0.8    1    1          10.0          0.0           0.000      0.000
 4    1.0    0.8    1    1           0.0          0.0           0.000      0.000
Element information- Assembled model
Element    Nodes    Area            E        alfa      group no.    group gamma 
 1         1   2    0.001000   2.000e+08   0.030          1           0.000
 2         3   4    0.001000   2.000e+08   0.030          1           0.000
 3         1   3    0.001000   2.000e+08   0.030          2           0.000
 4         2   4    0.001000   2.000e+08   0.030          2           0.000
 5         1   4    0.001000   2.000e+08   0.030          3           0.000
 6         2   3    0.001000   2.000e+08   0.030          4           0.000
Groups Interval Solution
Number of Groups
 4
Group Number        Group Uncertainty   
 1                        0.000    
 2                        0.000    
 3                        0.000    
 4                        0.000    
Elemnt     Group 
 1           1          
 2           1          
 3           2          
 4           2          
 5           3          
 6           4          
------------------------------------------------------------

Nodal information - EBE model
Node   X      Y     Restraints       Fx          Fy           beta-x    beta-y
 1    0.0    0.0    0    0           0.0          0.0           0.000      0.000
 2    1.0    0.0    1    0           0.0          0.0           0.000      0.000
 3    0.0    0.8    1    1          10.0          0.0           0.000      0.000
 4    1.0    0.8    1    1           0.0          0.0           0.000      0.000
 5    0.0    0.0    0    0           0.0          0.0           0.000      0.000
 6    0.0    0.8    1    1           0.0          0.0           0.000      0.000
 7    1.0    0.0    1    0           0.0          0.0           0.000      0.000
 8    1.0    0.8    1    1           0.0          0.0           0.000      0.000
 9    0.0    0.0    0    0           0.0          0.0           0.000      0.000
10    1.0    0.8    1    1           0.0          0.0           0.000      0.000
11    1.0    0.0    1    0           0.0          0.0           0.000      0.000
12    0.0    0.8    1    1           0.0          0.0           0.000      0.000
Element information- EBE model
Element    Nodes    Area            E        alfa      group no.    group gamma
 1         1   2    0.001000   2.000e+08   0.030          1           0.000
 2         3   4    0.001000   2.000e+08   0.030          1           0.000
 3         5   6    0.001000   2.000e+08   0.030          2           0.000
 4         7   8    0.001000   2.000e+08   0.030          2           0.000
 5         9  10    0.001000   2.000e+08   0.030          3           0.000
 6        11  12    0.001000   2.000e+08   0.030          4           0.000
Groups Interval Solution
Number of Groups
 4
Group Number        Group Uncertainty   
 1                        0.000    
 2                        0.000    
 3                        0.000    
 4                        0.000    
Elemnt     Group 
 1           1          
 2           1          
 3           2          
 4           2          
 5           3          
 6           4          
_______________________________________________________________________________________________________________________
Solution vector using EBE only
Element    node                     x- displacement                        y- displacement
 1          1    [-0.0000000000e+00,0.0000000000e+00] [-0.0000000000e+00,0.0000000000e+00]
            2    [2.3656982066e-05,2.6343017934e-05] [-0.0000000000e+00,0.0000000000e+00]
 2          3    [8.1719254500e-05,8.7030745500e-05] [1.3228851861e-05,1.4896148139e-05]
            4    [5.6953414660e-05,6.1796585340e-05] [-1.4896148139e-05,-1.3228851861e-05]
 3          1    [-0.0000000000e+00,0.0000000000e+00] [-0.0000000000e+00,0.0000000000e+00]
            3    [8.1719254500e-05,8.7030745500e-05] [1.3228851861e-05,1.4896148139e-05]
 4          2    [2.3656982066e-05,2.6343017934e-05] [-0.0000000000e+00,0.0000000000e+00]
            4    [5.6953414660e-05,6.1796585340e-05] [-1.4896148139e-05,-1.3228851861e-05]
 5          1    [-0.0000000000e+00,0.0000000000e+00] [-0.0000000000e+00,0.0000000000e+00]
            4    [5.6953414660e-05,6.1796585340e-05] [-1.4896148139e-05,-1.3228851861e-05]
 6          2    [2.3656982066e-05,2.6343017934e-05] [-0.0000000000e+00,0.0000000000e+00]
            3    [8.1719254500e-05,8.7030745500e-05] [1.3228851861e-05,1.4896148139e-05]
_______________________________________________________________________________________________________________________
Groups solution 
Element    node                     x- displacement                        y- displacement
 1          1    [-0.0000000000e+00,0.0000000000e+00] [-0.0000000000e+00,0.0000000000e+00]
            2    [2.3656982066e-05,2.6343017934e-05] [-0.0000000000e+00,0.0000000000e+00]
 2          3    [8.1719254500e-05,8.7030745500e-05] [1.3228851861e-05,1.4896148139e-05]
            4    [5.6953414660e-05,6.1796585340e-05] [-1.4896148139e-05,-1.3228851861e-05]
 3          1    [-0.0000000000e+00,0.0000000000e+00] [-0.0000000000e+00,0.0000000000e+00]
            3    [8.1719254500e-05,8.7030745500e-05] [1.3228851861e-05,1.4896148139e-05]
 4          2    [2.3656982066e-05,2.6343017934e-05] [-0.0000000000e+00,0.0000000000e+00]
            4    [5.6953414660e-05,6.1796585340e-05] [-1.4896148139e-05,-1.3228851861e-05]
 5          1    [-0.0000000000e+00,0.0000000000e+00] [-0.0000000000e+00,0.0000000000e+00]
            4    [5.6953414660e-05,6.1796585340e-05] [-1.4896148139e-05,-1.3228851861e-05]
 6          2    [2.3656982066e-05,2.6343017934e-05] [-0.0000000000e+00,0.0000000000e+00]
            3    [8.1719254500e-05,8.7030745500e-05] [1.3228851861e-05,1.4896148139e-05]
Combinatorial solution is skipped
_________________________________________________________________________________________________
A X I A L  F O R C E   I N   M E M B E R S 
---------------------------------------------------------------------------------------------------
MEMBER  Combinatorial Solution      Present solution       Error%       LB-Error%     UB-Error%
  1       -----              [       4.842622,       5.157378]         ----         ----        -----
  2       -----              [      -5.157378,      -4.842622]         ----         ----        -----
  3       -----              [       3.631967,       3.868033]         ----         ----        -----
  4       -----              [      -3.868033,      -3.631967]         ----         ----        -----
  5       -----              [       6.053278,       6.446722]         ----         ----        -----
  6       -----              [      -6.446722,      -6.053278]         ----         ----        -----
_________________________________________________________________________________________________
G R O U P S  A X I A L  F O R C E   I N   M E M B E R S 
---------------------------------------------------------------------------------------------------
MEMBER  Combinatorial Solution      Present solution       Error%       LB-Error%     UB-Error%
  1       -----              [       4.842622,       5.157378]         ----         ----        -----
  2       -----              [      -5.157378,      -4.842622]         ----         ----        -----
  3       -----              [       3.631967,       3.868033]         ----         ----        -----
  4       -----              [      -3.868033,      -3.631967]         ----         ----        -----
  5       -----              [       6.053278,       6.446722]         ----         ----        -----
  6       -----              [      -6.446722,      -6.053278]         ----         ----        -----
_____________________________________________________________________________
S T R E S S E S   A N D   S T R A I N S    I N   M E M B E R S 
-----------------------------------------------------------------------------
MEMBER           stress (N/m^2)                 Strain (computed from stress) 
 1      [   4.84262249e+03,   5.15737751e+03]   [   2.35078762e-05,   2.65844202e-05]
 2      [  -5.15737751e+03,  -4.84262249e+03]   [  -2.65844202e-05,  -2.35078762e-05]
 3      [   3.63196687e+03,   3.86803313e+03]   [   1.76309071e-05,   1.99383151e-05]
 4      [  -3.86803313e+03,  -3.63196687e+03]   [  -1.99383151e-05,  -1.76309071e-05]
 5      [   6.05327811e+03,   6.44672189e+03]   [   2.93848452e-05,   3.32305252e-05]
 6      [  -6.44672189e+03,  -6.05327811e+03]   [  -3.32305252e-05,  -2.93848452e-05]
___________________________________________________________________________________________________
S T R A I N S   I N   M E M B E R S 
---------------------------------------------------------------------------------------------------
MEMBER  Combinatorial Solution              New Formulation                   Error%      LB-Error%     UB-Error%
  1       -----              [   2.365698e-05,   2.634302e-05]         ----         ----        -----
  2       -----              [  -2.634302e-05,  -2.365698e-05]         ----         ----        -----
  3       -----              [   1.763847e-05,   1.986153e-05]         ----         ----        -----
  4       -----              [  -1.986153e-05,  -1.763847e-05]         ----         ----        -----
  5       -----              [   2.985378e-05,   3.264622e-05]         ----         ----        -----
  6       -----              [  -3.264622e-05,  -2.985378e-05]         ----         ----        -----
