fixed point interval solution time  8.643820e-02Combinatorial solution ran
Number of combinations force 2, combinations E 64, combinations A (groups) 
fixed point interval solution time  5.965850e-02Nodal information - Assembled  model
Node   X      Y     Restraints       Fx          Fy           beta-x    beta-y
 1    0.0    0.0    0    0           0.0          0.0           0.000      0.000
 2    1.0    0.0    1    0           0.0          0.0           0.000      0.000
 3    0.0    0.8    1    1          10.0          0.0           0.050      0.000
 4    1.0    0.8    1    1           0.0          0.0           0.000      0.000
Element information- Assembled model
Element    Nodes    Area            E        alfa      group no.    group gamma 
 1         1   2    0.001000   2.000e+08   0.030          1           0.000
 2         3   4    0.001000   2.000e+08   0.030          1           0.000
 3         1   3    0.001000   2.000e+08   0.030          2           0.000
 4         2   4    0.001000   2.000e+08   0.030          2           0.000
 5         1   4    0.001000   2.000e+08   0.030          3           0.000
 6         2   3    0.001000   2.000e+08   0.030          4           0.000
Groups Interval Solution
Number of Groups
 4
Group Number        Group Uncertainty   
 1                        0.000    
 2                        0.000    
 3                        0.000    
 4                        0.000    
Elemnt     Group 
 1           1          
 2           1          
 3           2          
 4           2          
 5           3          
 6           4          
------------------------------------------------------------

Nodal information - EBE model
Node   X      Y     Restraints       Fx          Fy           beta-x    beta-y
 1    0.0    0.0    0    0           0.0          0.0           0.000      0.000
 2    1.0    0.0    1    0           0.0          0.0           0.000      0.000
 3    0.0    0.8    1    1          10.0          0.0           0.050      0.000
 4    1.0    0.8    1    1           0.0          0.0           0.000      0.000
 5    0.0    0.0    0    0           0.0          0.0           0.000      0.000
 6    0.0    0.8    1    1           0.0          0.0           0.050      0.000
 7    1.0    0.0    1    0           0.0          0.0           0.000      0.000
 8    1.0    0.8    1    1           0.0          0.0           0.000      0.000
 9    0.0    0.0    0    0           0.0          0.0           0.000      0.000
10    1.0    0.8    1    1           0.0          0.0           0.000      0.000
11    1.0    0.0    1    0           0.0          0.0           0.000      0.000
12    0.0    0.8    1    1           0.0          0.0           0.050      0.000
Element information- EBE model
Element    Nodes    Area            E        alfa      group no.    group gamma
 1         1   2    0.001000   2.000e+08   0.030          1           0.000
 2         3   4    0.001000   2.000e+08   0.030          1           0.000
 3         5   6    0.001000   2.000e+08   0.030          2           0.000
 4         7   8    0.001000   2.000e+08   0.030          2           0.000
 5         9  10    0.001000   2.000e+08   0.030          3           0.000
 6        11  12    0.001000   2.000e+08   0.030          4           0.000
Groups Interval Solution
Number of Groups
 4
Group Number        Group Uncertainty   
 1                        0.000    
 2                        0.000    
 3                        0.000    
 4                        0.000    
Elemnt     Group 
 1           1          
 2           1          
 3           2          
 4           2          
 5           3          
 6           4          
_______________________________________________________________________________________________________________________
Solution vector using EBE only
Element    node                     x- displacement                        y- displacement
 1          1    [-0.0000000000e+00,0.0000000000e+00] [-0.0000000000e+00,0.0000000000e+00]
            2    [2.2339831169e-05,2.7660168831e-05] [-0.0000000000e+00,0.0000000000e+00]
 2          3    [7.7367717225e-05,9.1382282775e-05] [1.2484044454e-05,1.5640955546e-05]
            4    [5.3863585393e-05,6.4886414607e-05] [-1.5640955546e-05,-1.2484044454e-05]
 3          1    [-0.0000000000e+00,0.0000000000e+00] [-0.0000000000e+00,0.0000000000e+00]
            3    [7.7367717225e-05,9.1382282775e-05] [1.2484044454e-05,1.5640955546e-05]
 4          2    [2.2339831169e-05,2.7660168831e-05] [-0.0000000000e+00,0.0000000000e+00]
            4    [5.3863585393e-05,6.4886414607e-05] [-1.5640955546e-05,-1.2484044454e-05]
 5          1    [-0.0000000000e+00,0.0000000000e+00] [-0.0000000000e+00,0.0000000000e+00]
            4    [5.3863585393e-05,6.4886414607e-05] [-1.5640955546e-05,-1.2484044454e-05]
 6          2    [2.2339831169e-05,2.7660168831e-05] [-0.0000000000e+00,0.0000000000e+00]
            3    [7.7367717225e-05,9.1382282775e-05] [1.2484044454e-05,1.5640955546e-05]
_______________________________________________________________________________________________________________________
Groups solution 
Element    node                     x- displacement                        y- displacement
 1          1    [-0.0000000000e+00,0.0000000000e+00] [-0.0000000000e+00,0.0000000000e+00]
            2    [2.2339831169e-05,2.7660168831e-05] [-0.0000000000e+00,0.0000000000e+00]
 2          3    [7.7367717225e-05,9.1382282775e-05] [1.2484044454e-05,1.5640955546e-05]
            4    [5.3863585393e-05,6.4886414607e-05] [-1.5640955546e-05,-1.2484044454e-05]
 3          1    [-0.0000000000e+00,0.0000000000e+00] [-0.0000000000e+00,0.0000000000e+00]
            3    [7.7367717225e-05,9.1382282775e-05] [1.2484044454e-05,1.5640955546e-05]
 4          2    [2.2339831169e-05,2.7660168831e-05] [-0.0000000000e+00,0.0000000000e+00]
            4    [5.3863585393e-05,6.4886414607e-05] [-1.5640955546e-05,-1.2484044454e-05]
 5          1    [-0.0000000000e+00,0.0000000000e+00] [-0.0000000000e+00,0.0000000000e+00]
            4    [5.3863585393e-05,6.4886414607e-05] [-1.5640955546e-05,-1.2484044454e-05]
 6          2    [2.2339831169e-05,2.7660168831e-05] [-0.0000000000e+00,0.0000000000e+00]
            3    [7.7367717225e-05,9.1382282775e-05] [1.2484044454e-05,1.5640955546e-05]
_______________________________________________________________________________________________________________________

Solution vector for all possible combinations
Element    node                     x-displacement                            y-displacement
 1          1    [0.0000000000e+00,0.0000000000e+00] [0.0000000000e+00,0.0000000000e+00]
            2    [2.2567101310e-05,2.7628127980e-05] [0.0000000000e+00,0.0000000000e+00]
 2          3    [7.7821601942e-05,9.1333762887e-05] [1.2628515915e-05,1.5620386181e-05]
            4    [5.4266065978e-05,6.4831401512e-05] [-1.5620386181e-05,-1.2628515915e-05]
 3          1    [0.0000000000e+00,0.0000000000e+00] [0.0000000000e+00,0.0000000000e+00]
            3    [7.7821601942e-05,9.1333762887e-05] [1.2628515915e-05,1.5620386181e-05]
 4          2    [2.2567101310e-05,2.7628127980e-05] [0.0000000000e+00,0.0000000000e+00]
            4    [5.4266065978e-05,6.4831401512e-05] [-1.5620386181e-05,-1.2628515915e-05]
 5          1    [0.0000000000e+00,0.0000000000e+00] [0.0000000000e+00,0.0000000000e+00]
            4    [5.4266065978e-05,6.4831401512e-05] [-1.5620386181e-05,-1.2628515915e-05]
 6          2    [2.2567101310e-05,2.7628127980e-05] [0.0000000000e+00,0.0000000000e+00]
            3    [7.7821601942e-05,9.1333762887e-05] [1.2628515915e-05,1.5620386181e-05]
_______________________________________________________________________________________________________________________
WIDTH AND ERROR OF SOLUTION VECTOR
-----------------------------------------------------------------------------------------------------------------------
             Combin.solution      New approach       Error%       LB-Error%    UB-Error%
________________________________________________________________________________________________________________________
Elem node                    
 1    1  u   0.0000000000e+00    0.0000000000e+00      ----        ----         ----
         v   0.0000000000e+00    0.0000000000e+00      ----        ----         ----
      2  u   5.0610266699e-06    5.3203376616e-06   5.123684      1.0071       0.1160
         v   0.0000000000e+00    0.0000000000e+00     ----         ----         ----
-----------------------------------------------------------------------------------------------
 2    3  u   1.3512160945e-05    1.4014565549e-05   3.718166      0.5832       0.0531
         v   2.9918702654e-06    3.1569110910e-06   5.516310      1.1440       0.1317
      4  u   1.0565335535e-05    1.1022829215e-05   4.330139      0.7417       0.0849
         v   2.9918702654e-06    3.1569110910e-06   5.516310      0.1317       1.1440
-----------------------------------------------------------------------------------------------
 3    1  u   0.0000000000e+00    0.0000000000e+00      ----        ----         ----
         v   0.0000000000e+00    0.0000000000e+00      ----        ----         ----
      3  u   1.3512160945e-05    1.4014565549e-05   3.718166      0.5832       0.0531
         v   2.9918702654e-06    3.1569110910e-06   5.516310      1.1440       0.1317
-----------------------------------------------------------------------------------------------
 4    2  u   5.0610266699e-06    5.3203376616e-06   5.123684      1.0071       0.1160
         v   0.0000000000e+00    0.0000000000e+00      ----        ----         ----
      4  u   1.0565335535e-05    1.1022829215e-05   4.330139      0.7417       0.0849
         v   2.9918702654e-06    3.1569110910e-06   5.516310      0.1317       1.1440
-----------------------------------------------------------------------------------------------
 5    1  u   0.0000000000e+00    0.0000000000e+00      ----        ----         ----
         v   0.0000000000e+00    0.0000000000e+00      ----        ----         ----
      4  u   1.0565335535e-05    1.1022829215e-05   4.330139      0.7417       0.0849
         v   2.9918702654e-06    3.1569110910e-06   5.516310      0.1317       1.1440
-----------------------------------------------------------------------------------------------
 6    2  u   5.0610266699e-06    5.3203376616e-06   5.123684      1.0071       0.1160
         v   0.0000000000e+00    0.0000000000e+00      ----        ----         ----
      3  u   1.3512160945e-05    1.4014565549e-05   3.718166      0.5832       0.0531
         v   2.9918702654e-06    3.1569110910e-06   5.516310      1.1440       0.1317
-----------------------------------------------------------------------------------------------
_________________________________________________________________________________________________
A X I A L  F O R C E   I N   M E M B E R S 
---------------------------------------------------------------------------------------------------
MEMBER  Combinatorial Solution      Present solution       Error%       LB-Error%     UB-Error%
  1  [  4.607500,  5.407500]  [  4.584754,  5.415246]     3.811597      0.493682      0.143253
  2  [ -5.407500, -4.607500]  [ -5.415246, -4.584754]     3.811597      0.143253      0.493682
  3  [  3.455625,  4.055625]  [  3.438565,  4.061435]     3.811597      0.493682      0.143253
  4  [ -4.055625, -3.455625]  [ -4.061435, -3.438565]     3.811597      0.143253      0.493682
  5  [  5.759375,  6.759375]  [  5.730942,  6.769058]     3.811597      0.493682      0.143253
  6  [ -6.759375, -5.759375]  [ -6.769058, -5.730942]     3.811597      0.143253      0.493682
_________________________________________________________________________________________________
G R O U P S  A X I A L  F O R C E   I N   M E M B E R S 
---------------------------------------------------------------------------------------------------
MEMBER  Combinatorial Solution      Present solution       Error%       LB-Error%     UB-Error%
  1  [  4.607500,  5.407500]  [  4.584754,  5.415246]     3.811597      0.493682      0.143253
  2  [ -5.407500, -4.607500]  [ -5.415246, -4.584754]     3.811597      0.143253      0.493682
  3  [  3.455625,  4.055625]  [  3.438565,  4.061435]     3.811597      0.493682      0.143253
  4  [ -4.055625, -3.455625]  [ -4.061435, -3.438565]     3.811597      0.143253      0.493682
  5  [  5.759375,  6.759375]  [  5.730942,  6.769058]     3.811597      0.493682      0.143253
  6  [ -6.759375, -5.759375]  [ -6.769058, -5.730942]     3.811597      0.143253      0.493682
_____________________________________________________________________________
S T R E S S E S   A N D   S T R A I N S    I N   M E M B E R S 
-----------------------------------------------------------------------------
MEMBER           stress (N/m^2)                 Strain (computed from stress) 
 1      [   4.58475361e+03,   5.41524639e+03]   [   2.22560855e-05,   2.79136412e-05]
 2      [  -5.41524639e+03,  -4.58475361e+03]   [  -2.79136412e-05,  -2.22560855e-05]
 3      [   3.43856521e+03,   4.06143479e+03]   [   1.66920641e-05,   2.09352309e-05]
 4      [  -4.06143479e+03,  -3.43856521e+03]   [  -2.09352309e-05,  -1.66920641e-05]
 5      [   5.73094202e+03,   6.76905798e+03]   [   2.78201069e-05,   3.48920515e-05]
 6      [  -6.76905798e+03,  -5.73094202e+03]   [  -3.48920515e-05,  -2.78201069e-05]
___________________________________________________________________________________________________
S T R A I N S   I N   M E M B E R S 
---------------------------------------------------------------------------------------------------
MEMBER  Combinatorial Solution              New Formulation                   Error%      LB-Error%     UB-Error%
  1  [   2.256710e-05,   2.762813e-05]  [   2.233983e-05,   2.766017e-05]     5.123684      1.007086      0.115972
  2  [  -2.762813e-05,  -2.256710e-05]  [  -2.766017e-05,  -2.233983e-05]     5.123684      0.115972      1.007086
  3  [   1.683802e-05,   2.082718e-05]  [   1.664539e-05,   2.085461e-05]     5.516310      1.144010      0.131683
  4  [  -2.082718e-05,  -1.683802e-05]  [  -2.085461e-05,  -1.664539e-05]     5.516310      0.131683      1.144010
  5  [   2.845209e-05,   3.424756e-05]  [   2.822147e-05,   3.427853e-05]     4.513739      0.810568      0.090427
  6  [  -3.424756e-05,  -2.845209e-05]  [  -3.427853e-05,  -2.822147e-05]     4.513739      0.090427      0.810568
