fixed point interval solution time  3.218041e-01
Combinatorial solution being skipped
Nodal information - Assembled  model
Node   X      Y     Restraints       Fx          Fy           beta-x    beta-y
 1    0.0    0.0    0    0           0.0          0.0           0.000      0.000
 2    1.0    0.0    1    0           0.0          0.0           0.000      0.000
 3    0.0    0.8    1    1          10.0          0.0           0.050      0.000
 4    1.0    0.8    1    1           0.0          0.0           0.000      0.000
 5    0.0    1.5    1    1          10.0          0.0           0.050      0.000
 6    1.0    1.5    1    1           0.0          0.0           0.000      0.000
 7    0.0    2.3    1    1          10.0          0.0           0.050      0.000
 8    1.0    2.3    1    1           0.0          0.0           0.000      0.000
 9    0.0    3.0    1    1          10.0          0.0           0.050      0.000
10    1.0    3.0    1    1           0.0          0.0           0.000      0.000
11    0.0    3.8    1    1          10.0          0.0           0.050      0.000
12    1.0    3.8    1    1           0.0          0.0           0.000      0.000
Element information- Assembled model
Element    Nodes    Area            E        alfa      group no.    group gamma 
 1         1   2    0.001000   2.000e+08   0.020          1           0.010
 2         3   4    0.001000   2.000e+08   0.020          1           0.010
 3         5   6    0.001000   2.000e+08   0.020          1           0.010
 4         7   8    0.001000   2.000e+08   0.020          1           0.010
 5         9  10    0.001000   2.000e+08   0.020          1           0.010
 6        11  12    0.001000   2.000e+08   0.020          1           0.010
 7         1   3    0.001000   2.000e+08   0.020          2           0.010
 8         3   5    0.001000   2.000e+08   0.020          2           0.010
 9         5   7    0.001000   2.000e+08   0.020          2           0.010
10         7   9    0.001000   2.000e+08   0.020          2           0.010
11         9  11    0.001000   2.000e+08   0.020          2           0.010
12         2   4    0.001000   2.000e+08   0.020          2           0.010
13         4   6    0.001000   2.000e+08   0.020          2           0.010
14         6   8    0.001000   2.000e+08   0.020          2           0.010
15         8  10    0.001000   2.000e+08   0.020          2           0.010
16        10  12    0.001000   2.000e+08   0.020          2           0.010
17         1   4    0.001000   2.000e+08   0.020          3           0.010
18         3   6    0.001000   2.000e+08   0.020          3           0.010
19         5   8    0.001000   2.000e+08   0.020          3           0.010
20         7  10    0.001000   2.000e+08   0.020          3           0.010
21         9  12    0.001000   2.000e+08   0.020          3           0.010
22         2   3    0.001000   2.000e+08   0.020          4           0.010
23         4   5    0.001000   2.000e+08   0.020          4           0.010
24         6   7    0.001000   2.000e+08   0.020          4           0.010
25         8   9    0.001000   2.000e+08   0.020          4           0.010
26        10  11    0.001000   2.000e+08   0.030          4           0.010
Groups Interval Solution
Number of Groups
 4
Group Number        Group Uncertainty   
 1                        0.010    
 2                        0.010    
 3                        0.010    
 4                        0.010    
Elemnt     Group 
 1           1          
 2           1          
 3           1          
 4           1          
 5           1          
 6           1          
 7           2          
 8           2          
 9           2          
10           2          
11           2          
12           2          
13           2          
14           2          
15           2          
16           2          
17           3          
18           3          
19           3          
20           3          
21           3          
22           4          
23           4          
24           4          
25           4          
26           4          
------------------------------------------------------------

Nodal information - EBE model
Node   X      Y     Restraints       Fx          Fy           beta-x    beta-y
 1    0.0    0.0    0    0           0.0          0.0           0.000      0.000
 2    1.0    0.0    1    0           0.0          0.0           0.000      0.000
 3    0.0    0.8    1    1          10.0          0.0           0.050      0.000
 4    1.0    0.8    1    1           0.0          0.0           0.000      0.000
 5    0.0    1.5    1    1          10.0          0.0           0.050      0.000
 6    1.0    1.5    1    1           0.0          0.0           0.000      0.000
 7    0.0    2.3    1    1          10.0          0.0           0.050      0.000
 8    1.0    2.3    1    1           0.0          0.0           0.000      0.000
 9    0.0    3.0    1    1          10.0          0.0           0.050      0.000
10    1.0    3.0    1    1           0.0          0.0           0.000      0.000
11    0.0    3.8    1    1          10.0          0.0           0.050      0.000
12    1.0    3.8    1    1           0.0          0.0           0.000      0.000
13    0.0    0.0    0    0           0.0          0.0           0.000      0.000
14    0.0    0.8    1    1           0.0          0.0           0.050      0.000
15    0.0    0.8    1    1           0.0          0.0           0.050      0.000
16    0.0    1.5    1    1           0.0          0.0           0.050      0.000
17    0.0    1.5    1    1           0.0          0.0           0.050      0.000
18    0.0    2.3    1    1           0.0          0.0           0.050      0.000
19    0.0    2.3    1    1           0.0          0.0           0.050      0.000
20    0.0    3.0    1    1           0.0          0.0           0.050      0.000
21    0.0    3.0    1    1           0.0          0.0           0.050      0.000
22    0.0    3.8    1    1           0.0          0.0           0.050      0.000
23    1.0    0.0    1    0           0.0          0.0           0.000      0.000
24    1.0    0.8    1    1           0.0          0.0           0.000      0.000
25    1.0    0.8    1    1           0.0          0.0           0.000      0.000
26    1.0    1.5    1    1           0.0          0.0           0.000      0.000
27    1.0    1.5    1    1           0.0          0.0           0.000      0.000
28    1.0    2.3    1    1           0.0          0.0           0.000      0.000
29    1.0    2.3    1    1           0.0          0.0           0.000      0.000
30    1.0    3.0    1    1           0.0          0.0           0.000      0.000
31    1.0    3.0    1    1           0.0          0.0           0.000      0.000
32    1.0    3.8    1    1           0.0          0.0           0.000      0.000
33    0.0    0.0    0    0           0.0          0.0           0.000      0.000
34    1.0    0.8    1    1           0.0          0.0           0.000      0.000
35    0.0    0.8    1    1           0.0          0.0           0.050      0.000
36    1.0    1.5    1    1           0.0          0.0           0.000      0.000
37    0.0    1.5    1    1           0.0          0.0           0.050      0.000
38    1.0    2.3    1    1           0.0          0.0           0.000      0.000
39    0.0    2.3    1    1           0.0          0.0           0.050      0.000
40    1.0    3.0    1    1           0.0          0.0           0.000      0.000
41    0.0    3.0    1    1           0.0          0.0           0.050      0.000
42    1.0    3.8    1    1           0.0          0.0           0.000      0.000
43    1.0    0.0    1    0           0.0          0.0           0.000      0.000
44    0.0    0.8    1    1           0.0          0.0           0.050      0.000
45    1.0    0.8    1    1           0.0          0.0           0.000      0.000
46    0.0    1.5    1    1           0.0          0.0           0.050      0.000
47    1.0    1.5    1    1           0.0          0.0           0.000      0.000
48    0.0    2.3    1    1           0.0          0.0           0.050      0.000
49    1.0    2.3    1    1           0.0          0.0           0.000      0.000
50    0.0    3.0    1    1           0.0          0.0           0.050      0.000
51    1.0    3.0    1    1           0.0          0.0           0.000      0.000
52    0.0    3.8    1    1           0.0          0.0           0.050      0.000
Element information- EBE model
Element    Nodes    Area            E        alfa      group no.    group gamma
 1         1   2    0.001000   2.000e+08   0.020          1           0.010
 2         3   4    0.001000   2.000e+08   0.020          1           0.010
 3         5   6    0.001000   2.000e+08   0.020          1           0.010
 4         7   8    0.001000   2.000e+08   0.020          1           0.010
 5         9  10    0.001000   2.000e+08   0.020          1           0.010
 6        11  12    0.001000   2.000e+08   0.020          1           0.010
 7        13  14    0.001000   2.000e+08   0.020          2           0.010
 8        15  16    0.001000   2.000e+08   0.020          2           0.010
 9        17  18    0.001000   2.000e+08   0.020          2           0.010
10        19  20    0.001000   2.000e+08   0.020          2           0.010
11        21  22    0.001000   2.000e+08   0.020          2           0.010
12        23  24    0.001000   2.000e+08   0.020          2           0.010
13        25  26    0.001000   2.000e+08   0.020          2           0.010
14        27  28    0.001000   2.000e+08   0.020          2           0.010
15        29  30    0.001000   2.000e+08   0.020          2           0.010
16        31  32    0.001000   2.000e+08   0.020          2           0.010
17        33  34    0.001000   2.000e+08   0.020          3           0.010
18        35  36    0.001000   2.000e+08   0.020          3           0.010
19        37  38    0.001000   2.000e+08   0.020          3           0.010
20        39  40    0.001000   2.000e+08   0.020          3           0.010
21        41  42    0.001000   2.000e+08   0.020          3           0.010
22        43  44    0.001000   2.000e+08   0.020          4           0.010
23        45  46    0.001000   2.000e+08   0.020          4           0.010
24        47  48    0.001000   2.000e+08   0.020          4           0.010
25        49  50    0.001000   2.000e+08   0.020          4           0.010
26        51  52    0.001000   2.000e+08   0.030          4           0.010
Groups Interval Solution
Number of Groups
 4
Group Number        Group Uncertainty   
 1                        0.010    
 2                        0.010    
 3                        0.010    
 4                        0.010    
Elemnt     Group 
 1           1          
 2           1          
 3           1          
 4           1          
 5           1          
 6           1          
 7           2          
 8           2          
 9           2          
10           2          
11           2          
12           2          
13           2          
14           2          
15           2          
16           2          
17           3          
18           3          
19           3          
20           3          
21           3          
22           4          
23           4          
24           4          
25           4          
26           4          
_______________________________________________________________________________________________________________________
Solution vector using EBE only
Element    node                     x- displacement                        y- displacement
 1          1    [-0.0000000000e+00,0.0000000000e+00] [-0.0000000000e+00,0.0000000000e+00]
            2    [9.7516548112e-05,1.2017969682e-04] [-0.0000000000e+00,0.0000000000e+00]
 2          3    [5.3545162246e-04,6.2114820418e-04] [3.1655698292e-04,3.6839715486e-04]
            4    [5.0554478840e-04,5.8680162989e-04] [-3.8781526210e-04,-3.3348060012e-04]
 3          5    [1.3537099614e-03,1.5643185303e-03] [5.2974023182e-04,6.1536722599e-04]
            6    [1.3434692751e-03,1.5530734781e-03] [-6.2394300348e-04,-5.3719953872e-04]
 4          7    [2.3826148905e-03,2.7512796602e-03] [6.4959526147e-04,7.5452314836e-04]
            8    [2.3692883205e-03,2.7363883737e-03] [-7.5680452267e-04,-6.5157706750e-04]
 5          9    [3.4912569173e-03,4.0303630707e-03] [7.0451768292e-04,8.1846723068e-04]
            10    [3.4791799711e-03,4.0168962859e-03] [-8.1394448829e-04,-7.0057059812e-04]
 6          11    [4.6063723564e-03,5.3177817459e-03] [7.2083262284e-04,8.3766743834e-04]
            12    [4.5890551035e-03,5.2982370390e-03] [-8.2524513300e-04,-7.1000480582e-04]
 7          1    [-0.0000000000e+00,0.0000000000e+00] [-0.0000000000e+00,0.0000000000e+00]
            3    [5.3545162246e-04,6.2114820418e-04] [3.1655698292e-04,3.6839715486e-04]
 8          3    [5.3545162246e-04,6.2114820418e-04] [3.1655698292e-04,3.6839715486e-04]
            5    [1.3537099614e-03,1.5643185303e-03] [5.2974023182e-04,6.1536722599e-04]
 9          5    [1.3537099614e-03,1.5643185303e-03] [5.2974023182e-04,6.1536722599e-04]
            7    [2.3826148905e-03,2.7512796602e-03] [6.4959526147e-04,7.5452314836e-04]
10          7    [2.3826148905e-03,2.7512796602e-03] [6.4959526147e-04,7.5452314836e-04]
            9    [3.4912569173e-03,4.0303630707e-03] [7.0451768292e-04,8.1846723068e-04]
11          9    [3.4912569173e-03,4.0303630707e-03] [7.0451768292e-04,8.1846723068e-04]
            11    [4.6063723564e-03,5.3177817459e-03] [7.2083262284e-04,8.3766743834e-04]
12          2    [9.7516548112e-05,1.2017969682e-04] [-0.0000000000e+00,0.0000000000e+00]
            4    [5.0554478840e-04,5.8680162989e-04] [-3.8781526210e-04,-3.3348060012e-04]
13          4    [5.0554478840e-04,5.8680162989e-04] [-3.8781526210e-04,-3.3348060012e-04]
            6    [1.3434692751e-03,1.5530734781e-03] [-6.2394300348e-04,-5.3719953872e-04]
14          6    [1.3434692751e-03,1.5530734781e-03] [-6.2394300348e-04,-5.3719953872e-04]
            8    [2.3692883205e-03,2.7363883737e-03] [-7.5680452267e-04,-6.5157706750e-04]
15          8    [2.3692883205e-03,2.7363883737e-03] [-7.5680452267e-04,-6.5157706750e-04]
            10    [3.4791799711e-03,4.0168962859e-03] [-8.1394448829e-04,-7.0057059812e-04]
16          10    [3.4791799711e-03,4.0168962859e-03] [-8.1394448829e-04,-7.0057059812e-04]
            12    [4.5890551035e-03,5.2982370390e-03] [-8.2524513300e-04,-7.1000480582e-04]
17          1    [-0.0000000000e+00,0.0000000000e+00] [-0.0000000000e+00,0.0000000000e+00]
            4    [5.0554478840e-04,5.8680162989e-04] [-3.8781526210e-04,-3.3348060012e-04]
18          3    [5.3545162246e-04,6.2114820418e-04] [3.1655698292e-04,3.6839715486e-04]
            6    [1.3434692751e-03,1.5530734781e-03] [-6.2394300348e-04,-5.3719953872e-04]
19          5    [1.3537099614e-03,1.5643185303e-03] [5.2974023182e-04,6.1536722599e-04]
            8    [2.3692883205e-03,2.7363883737e-03] [-7.5680452267e-04,-6.5157706750e-04]
20          7    [2.3826148905e-03,2.7512796602e-03] [6.4959526147e-04,7.5452314836e-04]
            10    [3.4791799711e-03,4.0168962859e-03] [-8.1394448829e-04,-7.0057059812e-04]
21          9    [3.4912569173e-03,4.0303630707e-03] [7.0451768292e-04,8.1846723068e-04]
            12    [4.5890551035e-03,5.2982370390e-03] [-8.2524513300e-04,-7.1000480582e-04]
22          2    [9.7516548112e-05,1.2017969682e-04] [-0.0000000000e+00,0.0000000000e+00]
            3    [5.3545162246e-04,6.2114820418e-04] [3.1655698292e-04,3.6839715486e-04]
23          4    [5.0554478840e-04,5.8680162989e-04] [-3.8781526210e-04,-3.3348060012e-04]
            5    [1.3537099614e-03,1.5643185303e-03] [5.2974023182e-04,6.1536722599e-04]
24          6    [1.3434692751e-03,1.5530734781e-03] [-6.2394300348e-04,-5.3719953872e-04]
            7    [2.3826148905e-03,2.7512796602e-03] [6.4959526147e-04,7.5452314836e-04]
25          8    [2.3692883205e-03,2.7363883737e-03] [-7.5680452267e-04,-6.5157706750e-04]
            9    [3.4912569173e-03,4.0303630707e-03] [7.0451768292e-04,8.1846723068e-04]
26          10    [3.4791799711e-03,4.0168962859e-03] [-8.1394448829e-04,-7.0057059812e-04]
            11    [4.6063723564e-03,5.3177817459e-03] [7.2083262284e-04,8.3766743834e-04]
_______________________________________________________________________________________________________________________
Groups solution 
Element    node                     x- displacement                        y- displacement
 1          1    [-0.0000000000e+00,0.0000000000e+00] [-0.0000000000e+00,0.0000000000e+00]
            2    [9.5514796095e-05,1.2213877261e-04] [-0.0000000000e+00,0.0000000000e+00]
 2          3    [5.2884473962e-04,6.2752835037e-04] [3.1222034114e-04,3.7259951875e-04]
            4    [4.9931491977e-04,5.9281735268e-04] [-3.9218231457e-04,-3.2897214429e-04]
 3          5    [1.3373471617e-03,1.5801092624e-03] [5.2262523581e-04,6.2225773208e-04]
            6    [1.3271954790e-03,1.5687794542e-03] [-6.3091014833e-04,-5.3000476654e-04]
 4          7    [2.3539388700e-03,2.7789493501e-03] [6.4083569789e-04,7.6300746917e-04]
            8    [2.3407591772e-03,2.7639164829e-03] [-7.6530914702e-04,-6.4279632341e-04]
 5          9    [3.4493240085e-03,4.0708206646e-03] [6.9496438699e-04,8.2772182513e-04]
            10    [3.4373748187e-03,4.0572326849e-03] [-8.2316051920e-04,-6.9105779718e-04]
 6          11    [4.5510765229e-03,5.3711250909e-03] [7.1098577801e-04,8.4720964946e-04]
            12    [4.5339485280e-03,5.3514001838e-03] [-8.3468005039e-04,-7.0026802338e-04]
 7          1    [-0.0000000000e+00,0.0000000000e+00] [-0.0000000000e+00,0.0000000000e+00]
            3    [5.2884473962e-04,6.2752835037e-04] [3.1222034114e-04,3.7259951875e-04]
 8          3    [5.2884473962e-04,6.2752835037e-04] [3.1222034114e-04,3.7259951875e-04]
            5    [1.3373471617e-03,1.5801092624e-03] [5.2262523581e-04,6.2225773208e-04]
 9          5    [1.3373471617e-03,1.5801092624e-03] [5.2262523581e-04,6.2225773208e-04]
            7    [2.3539388700e-03,2.7789493501e-03] [6.4083569789e-04,7.6300746917e-04]
10          7    [2.3539388700e-03,2.7789493501e-03] [6.4083569789e-04,7.6300746917e-04]
            9    [3.4493240085e-03,4.0708206646e-03] [6.9496438699e-04,8.2772182513e-04]
11          9    [3.4493240085e-03,4.0708206646e-03] [6.9496438699e-04,8.2772182513e-04]
            11    [4.5510765229e-03,5.3711250909e-03] [7.1098577801e-04,8.4720964946e-04]
12          2    [9.5514796095e-05,1.2213877261e-04] [-0.0000000000e+00,0.0000000000e+00]
            4    [4.9931491977e-04,5.9281735268e-04] [-3.9218231457e-04,-3.2897214429e-04]
13          4    [4.9931491977e-04,5.9281735268e-04] [-3.9218231457e-04,-3.2897214429e-04]
            6    [1.3271954790e-03,1.5687794542e-03] [-6.3091014833e-04,-5.3000476654e-04]
14          6    [1.3271954790e-03,1.5687794542e-03] [-6.3091014833e-04,-5.3000476654e-04]
            8    [2.3407591772e-03,2.7639164829e-03] [-7.6530914702e-04,-6.4279632341e-04]
15          8    [2.3407591772e-03,2.7639164829e-03] [-7.6530914702e-04,-6.4279632341e-04]
            10    [3.4373748187e-03,4.0572326849e-03] [-8.2316051920e-04,-6.9105779718e-04]
16          10    [3.4373748187e-03,4.0572326849e-03] [-8.2316051920e-04,-6.9105779718e-04]
            12    [4.5339485280e-03,5.3514001838e-03] [-8.3468005039e-04,-7.0026802338e-04]
17          1    [-0.0000000000e+00,0.0000000000e+00] [-0.0000000000e+00,0.0000000000e+00]
            4    [4.9931491977e-04,5.9281735268e-04] [-3.9218231457e-04,-3.2897214429e-04]
18          3    [5.2884473962e-04,6.2752835037e-04] [3.1222034114e-04,3.7259951875e-04]
            6    [1.3271954790e-03,1.5687794542e-03] [-6.3091014833e-04,-5.3000476654e-04]
19          5    [1.3373471617e-03,1.5801092624e-03] [5.2262523581e-04,6.2225773208e-04]
            8    [2.3407591772e-03,2.7639164829e-03] [-7.6530914702e-04,-6.4279632341e-04]
20          7    [2.3539388700e-03,2.7789493501e-03] [6.4083569789e-04,7.6300746917e-04]
            10    [3.4373748187e-03,4.0572326849e-03] [-8.2316051920e-04,-6.9105779718e-04]
21          9    [3.4493240085e-03,4.0708206646e-03] [6.9496438699e-04,8.2772182513e-04]
            12    [4.5339485280e-03,5.3514001838e-03] [-8.3468005039e-04,-7.0026802338e-04]
22          2    [9.5514796095e-05,1.2213877261e-04] [-0.0000000000e+00,0.0000000000e+00]
            3    [5.2884473962e-04,6.2752835037e-04] [3.1222034114e-04,3.7259951875e-04]
23          4    [4.9931491977e-04,5.9281735268e-04] [-3.9218231457e-04,-3.2897214429e-04]
            5    [1.3373471617e-03,1.5801092624e-03] [5.2262523581e-04,6.2225773208e-04]
24          6    [1.3271954790e-03,1.5687794542e-03] [-6.3091014833e-04,-5.3000476654e-04]
            7    [2.3539388700e-03,2.7789493501e-03] [6.4083569789e-04,7.6300746917e-04]
25          8    [2.3407591772e-03,2.7639164829e-03] [-7.6530914702e-04,-6.4279632341e-04]
            9    [3.4493240085e-03,4.0708206646e-03] [6.9496438699e-04,8.2772182513e-04]
26          10    [3.4373748187e-03,4.0572326849e-03] [-8.2316051920e-04,-6.9105779718e-04]
            11    [4.5510765229e-03,5.3711250909e-03] [7.1098577801e-04,8.4720964946e-04]
Combinatorial solution is skipped
_________________________________________________________________________________________________
A X I A L  F O R C E   I N   M E M B E R S 
---------------------------------------------------------------------------------------------------
MEMBER  Combinatorial Solution      Present solution       Error%       LB-Error%     UB-Error%
  1       -----              [      19.838322,      23.700927]         ----         ----        -----
  2       -----              [      -7.889019,      -4.961663]         ----         ----        -----
  3       -----              [      -3.258827,      -1.038321]         ----         ----        -----
  4       -----              [      -3.637049,      -2.006522]         ----         ----        -----
  5       -----              [      -3.140781,      -1.967965]         ----         ----        -----
  6       -----              [      -4.095744,      -3.276648]         ----         ----        -----
  7       -----              [      86.128741,      96.525695]         ----         ----        -----
  8       -----              [      57.769773,      64.937779]         ----         ----        -----
  9       -----              [      32.445846,      36.623741]         ----         ----        -----
 10       -----              [      14.832381,      16.865353]         ----         ----        -----
 11       -----              [       4.371390,       5.099316]         ----         ----        -----
 12       -----              [    -101.613537,     -90.732026]         ----         ----        -----
 13       -----              [     -62.152987,     -55.139461]         ----         ----        -----
 14       -----              [     -35.014914,     -30.915499]         ----         ----        -----
 15       -----              [     -15.126313,     -13.175953]         ----         ----        -----
 16       -----              [      -3.071808,      -2.457486]         ----         ----        -----
 17       -----              [      32.470044,      38.105895]         ----         ----        -----
 18       -----              [      20.649102,      24.838311]         ----         ----        -----
 19       -----              [      15.900832,      18.983190]         ----         ----        -----
 20       -----              [      10.084922,      12.085521]         ----         ----        -----
 21       -----              [       4.095810,       5.119680]         ----         ----        -----
 22       -----              [     -29.626159,     -24.797902]         ----         ----        -----
 23       -----              [     -29.479632,     -25.032954]         ----         ----        -----
 24       -----              [     -21.664568,     -18.451411]         ----         ----        -----
 25       -----              [     -14.983922,     -12.845635]         ----         ----        -----
 26       -----              [      -8.498860,      -7.285650]         ----         ----        -----
_________________________________________________________________________________________________
G R O U P S  A X I A L  F O R C E   I N   M E M B E R S 
---------------------------------------------------------------------------------------------------
MEMBER  Combinatorial Solution      Present solution       Error%       LB-Error%     UB-Error%
  1       -----              [      19.629599,      23.909650]         ----         ----        -----
  2       -----              [      -8.184731,      -4.665952]         ----         ----        -----
  3       -----              [      -3.488040,      -0.809101]         ----         ----        -----
  4       -----              [      -3.795975,      -1.847643]         ----         ----        -----
  5       -----              [      -3.245086,      -1.863349]         ----         ----        -----
  6       -----              [      -4.137186,      -3.234840]         ----         ----        -----
  7       -----              [      85.972199,      96.682237]         ----         ----        -----
  8       -----              [      57.660106,      65.047445]         ----         ----        -----
  9       -----              [      32.369953,      36.699641]         ----         ----        -----
 10       -----              [      14.780040,      16.917653]         ----         ----        -----
 11       -----              [       4.340296,       5.130685]         ----         ----        -----
 12       -----              [    -101.770079,     -90.575484]         ----         ----        -----
 13       -----              [     -62.262654,     -55.029795]         ----         ----        -----
 14       -----              [     -35.090807,     -30.839599]         ----         ----        -----
 15       -----              [     -15.178655,     -13.123652]         ----         ----        -----
 16       -----              [      -3.102889,      -2.426130]         ----         ----        -----
 17       -----              [      32.209141,      38.366798]         ----         ----        -----
 18       -----              [      20.466326,      25.021089]         ----         ----        -----
 19       -----              [      15.774332,      19.109678]         ----         ----        -----
 20       -----              [       9.997753,      12.172759]         ----         ----        -----
 21       -----              [       4.043550,       5.171482]         ----         ----        -----
 22       -----              [     -29.887062,     -24.536999]         ----         ----        -----
 23       -----              [     -29.662409,     -24.850176]         ----         ----        -----
 24       -----              [     -21.791068,     -18.324922]         ----         ----        -----
 25       -----              [     -15.071088,     -12.758400]         ----         ----        -----
 26       -----              [      -8.551142,      -7.233826]         ----         ----        -----
_____________________________________________________________________________
S T R E S S E S   A N D   S T R A I N S    I N   M E M B E R S 
-----------------------------------------------------------------------------
MEMBER           stress (N/m^2)                 Strain (computed from stress) 
 1      [   1.94390206e+04,   2.41463791e+04]   [   9.52893168e-05,   1.23195812e-04]
 2      [  -8.26576797e+03,  -4.62065123e+03]   [  -4.21722856e-05,  -2.26502511e-05]
 3      [  -3.52257501e+03,  -8.01245266e+02]   [  -1.79723215e-05,  -3.92767287e-06]
 4      [  -3.83355901e+03,  -1.82970500e+03]   [  -1.95589746e-05,  -8.96914213e-06]
 5      [  -3.27721551e+03,  -1.84525865e+03]   [  -1.67204873e-05,  -9.04538552e-06]
 6      [  -4.17814806e+03,  -3.20343358e+03]   [  -2.13170820e-05,  -1.57031058e-05]
 7      [   8.51375179e+04,   9.76394874e+04]   [   4.17340774e-04,   4.98160650e-04]
 8      [   5.71002988e+04,   6.56914795e+04]   [   2.79903425e-04,   3.35160610e-04]
 9      [   3.20556816e+04,   3.70630033e+04]   [   1.57135694e-04,   1.89096956e-04]
10      [   1.46365446e+04,   1.70851541e+04]   [   7.17477677e-05,   8.71691533e-05]
11      [   4.29815706e+03,   5.18148379e+03]   [   2.10693974e-05,   2.64361418e-05]
12      [  -1.02777703e+05,  -8.96961107e+04]   [  -5.24376037e-04,  -4.39686817e-04]
13      [  -6.28791156e+04,  -5.44955255e+04]   [  -3.20811814e-04,  -2.67134929e-04]
14      [  -3.54382407e+04,  -3.05401859e+04]   [  -1.80807351e-04,  -1.49706794e-04]
15      [  -1.53289392e+04,  -1.29962378e+04]   [  -7.82088733e-05,  -6.37070479e-05]
16      [  -3.13361105e+03,  -2.40257519e+03]   [  -1.59878115e-05,  -1.17773293e-05]
17      [   3.18964306e+04,   3.87466672e+04]   [   1.56355052e-04,   1.97687077e-04]
18      [   2.02676234e+04,   2.52688229e+04]   [   9.93510950e-05,   1.28922566e-04]
19      [   1.56211836e+04,   1.92988831e+04]   [   7.65744295e-05,   9.84636891e-05]
20      [   9.90068754e+03,   1.22932814e+04]   [   4.85327820e-05,   6.27208237e-05]
21      [   4.00429198e+03,   5.22268508e+03]   [   1.96288822e-05,   2.66463524e-05]
22      [  -3.01829739e+04,  -2.42987758e+04]   [  -1.53994765e-04,  -1.19111646e-04]
23      [  -2.99560962e+04,  -2.46089122e+04]   [  -1.52837226e-04,  -1.20631923e-04]
24      [  -2.20068207e+04,  -1.81470098e+04]   [  -1.12279697e-04,  -8.89559305e-05]
25      [  -1.52203063e+04,  -1.26345323e+04]   [  -7.76546238e-05,  -6.19339818e-05]
26      [  -8.63580631e+03,  -7.16359511e+03]   [  -4.45144655e-05,  -3.47747335e-05]
___________________________________________________________________________________________________
S T R A I N S   I N   M E M B E R S 
---------------------------------------------------------------------------------------------------
MEMBER  Combinatorial Solution              New Formulation                   Error%      LB-Error%     UB-Error%
  1       -----              [   9.551480e-05,   1.221388e-04]         ----         ----        -----
  2       -----              [  -4.167422e-05,  -2.256660e-05]         ----         ----        -----
  3       -----              [  -1.754460e-05,  -3.936893e-06]         ----         ----        -----
  4       -----              [  -1.921992e-05,  -8.992640e-06]         ----         ----        -----
  5       -----              [  -1.637945e-05,  -9.157723e-06]         ----         ----        -----
  6       -----              [  -2.109292e-05,  -1.575998e-05]         ----         ----        -----
  7       -----              [   4.162938e-04,   4.967994e-04]         ----         ----        -----
  8       -----              [   2.792155e-04,   3.342020e-04]         ----         ----        -----
  9       -----              [   1.567185e-04,   1.885618e-04]         ----         ----        -----
 10       -----              [   7.154096e-05,   8.691643e-05]         ----         ----        -----
 11       -----              [   2.099361e-05,   2.635201e-05]         ----         ----        -----
 12       -----              [  -5.229098e-04,  -4.386295e-04]         ----         ----        -----
 13       -----              [  -3.199140e-04,  -2.664333e-04]         ----         ----        -----
 14       -----              [  -1.803005e-04,  -1.492869e-04]         ----         ----        -----
 15       -----              [  -7.798904e-05,  -6.349476e-05]         ----         ----        -----
 16       -----              [  -1.594305e-05,  -1.169663e-05]         ----         ----        -----
 17       -----              [   1.585631e-04,   1.942474e-04]         ----         ----        -----
 18       -----              [   1.005949e-04,   1.267976e-04]         ----         ----        -----
 19       -----              [   7.759397e-05,   9.679189e-05]         ----         ----        -----
 20       -----              [   4.916750e-05,   6.166333e-05]         ----         ----        -----
 21       -----              [   1.985626e-05,   2.620986e-05]         ----         ----        -----
 22       -----              [  -1.513539e-04,  -1.207131e-04]         ----         ----        -----
 23       -----              [  -1.502499e-04,  -1.222595e-04]         ----         ----        -----
 24       -----              [  -1.103921e-04,  -9.014849e-05]         ----         ----        -----
 25       -----              [  -7.634701e-05,  -6.277315e-05]         ----         ----        -----
 26       -----              [  -4.349959e-05,  -3.540204e-05]         ----         ----        -----
