fixed point interval solution time  1.973189e-01
Combinatorial solution ran
Number of combinations force , combinations E , combinations A (groups) 
vertex solution time  2.598180e-02
Nodal information - Assembled  model
Node   X      Y       Z       Restraints       Fx          Fy          Fz           beta-x    beta-y   beta-y
 1    0.0    0.0    0.0    0  0  0           0.0          0.0            0.0         0.000      0.000      0.000
 2    0.0    0.0    8.0    0  0  1           0.0          0.0            0.0         0.000      0.000      0.000
 3   -8.0    0.0    8.0    1  0  1           0.0          0.0            0.0         0.000      0.000      0.000
 4   -8.0    0.0    0.0    1  1  1           0.0          0.0            0.0         0.000      0.000      0.000
 5   -4.0    8.0    0.0    1  1  1           0.0          0.0         -600.0         0.000      0.000      0.000
Element information- Assembled model
Element    Nodes    Area            E        alfa      group no.    group gamma 
 1         1   2    0.001000   2.000e+08   0.000          1           0.000
 2         1   3    0.001000   2.000e+08   0.000          1           0.000
 3         1   4    0.001000   2.000e+08   0.000          1           0.000
 4         1   5    0.001000   2.000e+08   0.000          1           0.000
 5         2   3    0.001000   2.000e+08   0.000          1           0.000
 6         2   5    0.001000   2.000e+08   0.000          1           0.000
 7         3   4    0.001000   2.000e+08   0.000          1           0.000
 8         3   5    0.001000   2.000e+08   0.000          1           0.000
 9         4   5    0.001000   2.000e+08   0.000          1           0.000
Groups Interval Solution
Number of Groups
 1
Group Number        Group Uncertainty   
 1                        0.000    
Elemnt     Group 
 1           1          
 2           1          
 3           1          
 4           1          
 5           1          
 6           1          
 7           1          
 8           1          
 9           1          
------------------------------------------------------------

Nodal information - EBE model
Node   X      Y     Restraints       Fx          Fy           beta-x    beta-y
 1    0.0    0.0    0    0           0.0          0.0           0.000      0.000
 2    0.0    0.0    0    0           0.0          0.0           0.000      0.000
 3    0.0    0.0    0    0           0.0          0.0           0.000      0.000
 4   -8.0    0.0    1    0           0.0          0.0           0.000      0.000
 5    0.0    0.0    0    0           0.0          0.0           0.000      0.000
 6   -8.0    0.0    1    1           0.0          0.0           0.000      0.000
 7    0.0    0.0    0    0           0.0          0.0           0.000      0.000
 8   -4.0    8.0    1    1           0.0          0.0           0.000      0.000
 9    0.0    0.0    0    0           0.0          0.0           0.000      0.000
10   -8.0    0.0    1    0           0.0          0.0           0.000      0.000
11    0.0    0.0    0    0           0.0          0.0           0.000      0.000
12   -4.0    8.0    1    1           0.0          0.0           0.000      0.000
13   -8.0    0.0    1    0           0.0          0.0           0.000      0.000
14   -8.0    0.0    1    1           0.0          0.0           0.000      0.000
15   -8.0    0.0    1    0           0.0          0.0           0.000      0.000
16   -4.0    8.0    1    1           0.0          0.0           0.000      0.000
17   -8.0    0.0    1    1           0.0          0.0           0.000      0.000
18   -4.0    8.0    1    1           0.0          0.0           0.000      0.000
Element information- EBE model
Element    Nodes    Area            E        alfa      group no.    group gamma
 1         1   2    0.001000   2.000e+08   0.000          1           0.000
 2         3   4    0.001000   2.000e+08   0.000          1           0.000
 3         5   6    0.001000   2.000e+08   0.000          1           0.000
 4         7   8    0.001000   2.000e+08   0.000          1           0.000
 5         9  10    0.001000   2.000e+08   0.000          1           0.000
 6        11  12    0.001000   2.000e+08   0.000          1           0.000
 7        13  14    0.001000   2.000e+08   0.000          1           0.000
 8        15  16    0.001000   2.000e+08   0.000          1           0.000
 9        17  18    0.001000   2.000e+08   0.000          1           0.000
Groups Interval Solution
Number of Groups
 1
Group Number        Group Uncertainty   
 1                        0.000    
Elemnt     Group 
 1           1          
 2           1          
 3           1          
 4           1          
 5           1          
 6           1          
 7           1          
 8           1          
 9           1          
_______________________________________________________________________________________________________________________
Solution vector using EBE only
Element    node                     x- displacement                        y- displacement
 1          1    [-0.0000000000e+00,0.0000000000e+00] [-0.0000000000e+00,0.0000000000e+00]
            2    [-0.0000000000e+00,0.0000000000e+00] [-0.0000000000e+00,0.0000000000e+00]
 2          1    [-0.0000000000e+00,0.0000000000e+00] [-0.0000000000e+00,0.0000000000e+00]
            3    [-0.0000000000e+00,0.0000000000e+00] [-2.4000000000e-02,-2.4000000000e-02]
 3          1    [-0.0000000000e+00,0.0000000000e+00] [-0.0000000000e+00,0.0000000000e+00]
            4    [-0.0000000000e+00,0.0000000000e+00] [-0.0000000000e+00,0.0000000000e+00]
 4          1    [-0.0000000000e+00,0.0000000000e+00] [-0.0000000000e+00,0.0000000000e+00]
            5    [-0.0000000000e+00,0.0000000000e+00] [-0.0000000000e+00,0.0000000000e+00]
 5          2    [-0.0000000000e+00,0.0000000000e+00] [-0.0000000000e+00,0.0000000000e+00]
            3    [-0.0000000000e+00,0.0000000000e+00] [-2.4000000000e-02,-2.4000000000e-02]
 6          2    [-0.0000000000e+00,0.0000000000e+00] [-0.0000000000e+00,0.0000000000e+00]
            5    [-0.0000000000e+00,0.0000000000e+00] [-0.0000000000e+00,0.0000000000e+00]
 7          3    [-0.0000000000e+00,0.0000000000e+00] [-2.4000000000e-02,-2.4000000000e-02]
            4    [-0.0000000000e+00,0.0000000000e+00] [-0.0000000000e+00,0.0000000000e+00]
 8          3    [-0.0000000000e+00,0.0000000000e+00] [-2.4000000000e-02,-2.4000000000e-02]
            5    [-0.0000000000e+00,0.0000000000e+00] [-0.0000000000e+00,0.0000000000e+00]
 9          4    [-0.0000000000e+00,0.0000000000e+00] [-0.0000000000e+00,0.0000000000e+00]
            5    [-0.0000000000e+00,0.0000000000e+00] [-0.0000000000e+00,0.0000000000e+00]
_______________________________________________________________________________________________________________________
Groups solution 
Element    node                     x- displacement                        y- displacement
 1          1    [-0.0000000000e+00,0.0000000000e+00] [-0.0000000000e+00,0.0000000000e+00]
            2    [-0.0000000000e+00,0.0000000000e+00] [-0.0000000000e+00,0.0000000000e+00]
 2          1    [-0.0000000000e+00,0.0000000000e+00] [-0.0000000000e+00,0.0000000000e+00]
            3    [-0.0000000000e+00,0.0000000000e+00] [-2.4000000000e-02,-2.4000000000e-02]
 3          1    [-0.0000000000e+00,0.0000000000e+00] [-0.0000000000e+00,0.0000000000e+00]
            4    [-0.0000000000e+00,0.0000000000e+00] [-0.0000000000e+00,0.0000000000e+00]
 4          1    [-0.0000000000e+00,0.0000000000e+00] [-0.0000000000e+00,0.0000000000e+00]
            5    [-0.0000000000e+00,0.0000000000e+00] [-0.0000000000e+00,0.0000000000e+00]
 5          2    [-0.0000000000e+00,0.0000000000e+00] [-0.0000000000e+00,0.0000000000e+00]
            3    [-0.0000000000e+00,0.0000000000e+00] [-2.4000000000e-02,-2.4000000000e-02]
 6          2    [-0.0000000000e+00,0.0000000000e+00] [-0.0000000000e+00,0.0000000000e+00]
            5    [-0.0000000000e+00,0.0000000000e+00] [-0.0000000000e+00,0.0000000000e+00]
 7          3    [-0.0000000000e+00,0.0000000000e+00] [-2.4000000000e-02,-2.4000000000e-02]
            4    [-0.0000000000e+00,0.0000000000e+00] [-0.0000000000e+00,0.0000000000e+00]
 8          3    [-0.0000000000e+00,0.0000000000e+00] [-2.4000000000e-02,-2.4000000000e-02]
            5    [-0.0000000000e+00,0.0000000000e+00] [-0.0000000000e+00,0.0000000000e+00]
 9          4    [-0.0000000000e+00,0.0000000000e+00] [-0.0000000000e+00,0.0000000000e+00]
            5    [-0.0000000000e+00,0.0000000000e+00] [-0.0000000000e+00,0.0000000000e+00]
_______________________________________________________________________________________________________________________

Solution vector for all possible combinations
Element    node                     x-displacement                            y-displacement
 1          1    [0.0000000000e+00,0.0000000000e+00] [0.0000000000e+00,0.0000000000e+00]
            2    [0.0000000000e+00,0.0000000000e+00] [0.0000000000e+00,0.0000000000e+00]
 2          1    [0.0000000000e+00,0.0000000000e+00] [0.0000000000e+00,0.0000000000e+00]
            3    [0.0000000000e+00,0.0000000000e+00] [-2.4000000000e-02,-2.4000000000e-02]
 3          1    [0.0000000000e+00,0.0000000000e+00] [0.0000000000e+00,0.0000000000e+00]
            4    [-8.1085585720e-18,-8.1085585720e-18] [0.0000000000e+00,0.0000000000e+00]
 4          1    [0.0000000000e+00,0.0000000000e+00] [0.0000000000e+00,0.0000000000e+00]
            5    [-5.9329885705e-17,-5.9329885705e-17] [0.0000000000e+00,0.0000000000e+00]
 5          2    [0.0000000000e+00,0.0000000000e+00] [0.0000000000e+00,0.0000000000e+00]
            3    [0.0000000000e+00,0.0000000000e+00] [-2.4000000000e-02,-2.4000000000e-02]
 6          2    [0.0000000000e+00,0.0000000000e+00] [0.0000000000e+00,0.0000000000e+00]
            5    [-5.9329885705e-17,-5.9329885705e-17] [0.0000000000e+00,0.0000000000e+00]
 7          3    [0.0000000000e+00,0.0000000000e+00] [-2.4000000000e-02,-2.4000000000e-02]
            4    [-8.1085585720e-18,-8.1085585720e-18] [0.0000000000e+00,0.0000000000e+00]
 8          3    [0.0000000000e+00,0.0000000000e+00] [-2.4000000000e-02,-2.4000000000e-02]
            5    [-5.9329885705e-17,-5.9329885705e-17] [0.0000000000e+00,0.0000000000e+00]
 9          4    [-8.1085585720e-18,-8.1085585720e-18] [0.0000000000e+00,0.0000000000e+00]
            5    [-5.9329885705e-17,-5.9329885705e-17] [0.0000000000e+00,0.0000000000e+00]
_______________________________________________________________________________________________________________________
WIDTH AND ERROR OF SOLUTION VECTOR
-----------------------------------------------------------------------------------------------------------------------
             Combin.solution      New approach       Error%       LB-Error%    UB-Error%
________________________________________________________________________________________________________________________
Elem node                    
 1    1  u   0.0000000000e+00    0.0000000000e+00      ----        ----         ----
         v   0.0000000000e+00    0.0000000000e+00      ----        ----         ----
      2  u   0.0000000000e+00    0.0000000000e+00     ----         ----         ----
         v   0.0000000000e+00    0.0000000000e+00     ----         ----         ----
-----------------------------------------------------------------------------------------------
 2    1  u   0.0000000000e+00    0.0000000000e+00      ----        ----         ----
         v   0.0000000000e+00    0.0000000000e+00      ----        ----         ----
      3  u   0.0000000000e+00    0.0000000000e+00     ----         ----         ----
         v   0.0000000000e+00    3.4694469520e-18     ----         ----         ----
-----------------------------------------------------------------------------------------------
 3    1  u   0.0000000000e+00    0.0000000000e+00      ----        ----         ----
         v   0.0000000000e+00    0.0000000000e+00      ----        ----         ----
      4  u   0.0000000000e+00    0.0000000000e+00     ----         ----         ----
         v   0.0000000000e+00    0.0000000000e+00     ----         ----         ----
-----------------------------------------------------------------------------------------------
 4    1  u   0.0000000000e+00    0.0000000000e+00      ----        ----         ----
         v   0.0000000000e+00    0.0000000000e+00      ----        ----         ----
      5  u   0.0000000000e+00    0.0000000000e+00     ----         ----         ----
         v   0.0000000000e+00    0.0000000000e+00     ----         ----         ----
-----------------------------------------------------------------------------------------------
 5    2  u   0.0000000000e+00    0.0000000000e+00      ----        ----         ----
         v   0.0000000000e+00    0.0000000000e+00      ----        ----         ----
      3  u   0.0000000000e+00    0.0000000000e+00     ----         ----         ----
         v   0.0000000000e+00    3.4694469520e-18     ----         ----         ----
-----------------------------------------------------------------------------------------------
 6    2  u   0.0000000000e+00    0.0000000000e+00      ----        ----         ----
         v   0.0000000000e+00    0.0000000000e+00      ----        ----         ----
      5  u   0.0000000000e+00    0.0000000000e+00     ----         ----         ----
         v   0.0000000000e+00    0.0000000000e+00     ----         ----         ----
-----------------------------------------------------------------------------------------------
 7    3  u   0.0000000000e+00    0.0000000000e+00      ----        ----         ----
         v   0.0000000000e+00    3.4694469520e-18      ----        ----         ----
      4  u   0.0000000000e+00    0.0000000000e+00     ----         ----         ----
         v   0.0000000000e+00    0.0000000000e+00     ----         ----         ----
-----------------------------------------------------------------------------------------------
 8    3  u   0.0000000000e+00    0.0000000000e+00      ----        ----         ----
         v   0.0000000000e+00    3.4694469520e-18      ----        ----         ----
      5  u   0.0000000000e+00    0.0000000000e+00     ----         ----         ----
         v   0.0000000000e+00    0.0000000000e+00     ----         ----         ----
-----------------------------------------------------------------------------------------------
 9    4  u   0.0000000000e+00    0.0000000000e+00      ----        ----         ----
         v   0.0000000000e+00    0.0000000000e+00      ----        ----         ----
      5  u   0.0000000000e+00    0.0000000000e+00     ----         ----         ----
         v   0.0000000000e+00    0.0000000000e+00     ----         ----         ----
-----------------------------------------------------------------------------------------------
_________________________________________________________________________________________________
A X I A L  F O R C E   I N   M E M B E R S 
---------------------------------------------------------------------------------------------------
MEMBER  Combinatorial Solution      Present solution       Error%       LB-Error%     UB-Error%
  1  [-600.000000,-600.000000]   [-600.000000,-600.000000]      ----         ----        -----
  2  [ -0.000000, -0.000000]   [ -0.000000,  0.000000]      ----         ----        -----
  3  [  0.000000,  0.000000]   [ -0.000000,  0.000000]      ----         ----        -----
  4  [-670.820393,-670.820393]   [-670.820393,-670.820393]      ----         ----        -----
  5  [  0.000000,  0.000000]   [ -0.000000,  0.000000]      ----         ----        -----
  6  [900.000000,900.000000]   [900.000000,900.000000]      ----         ----        -----
  7  [  0.000000,  0.000000]   [ -0.000000,  0.000000]      ----         ----        -----
  8  [  0.000000,  0.000000]   [ -0.000000,  0.000000]      ----         ----        -----
  9  [  0.000000,  0.000000]   [ -0.000000,  0.000000]      ----         ----        -----
_________________________________________________________________________________________________
G R O U P S  A X I A L  F O R C E   I N   M E M B E R S 
---------------------------------------------------------------------------------------------------
MEMBER  Combinatorial Solution      Present solution       Error%       LB-Error%     UB-Error%
  1  [-600.000000,-600.000000]   [-600.000000,-600.000000]      ----         ----        -----
  2  [ -0.000000, -0.000000]   [ -0.000000,  0.000000]      ----         ----        -----
  3  [  0.000000,  0.000000]   [ -0.000000,  0.000000]      ----         ----        -----
  4  [-670.820393,-670.820393]   [-670.820393,-670.820393]      ----         ----        -----
  5  [  0.000000,  0.000000]   [ -0.000000,  0.000000]      ----         ----        -----
  6  [900.000000,900.000000]   [900.000000,900.000000]      ----         ----        -----
  7  [  0.000000,  0.000000]   [ -0.000000,  0.000000]      ----         ----        -----
  8  [  0.000000,  0.000000]   [ -0.000000,  0.000000]      ----         ----        -----
  9  [  0.000000,  0.000000]   [ -0.000000,  0.000000]      ----         ----        -----
_____________________________________________________________________________
S T R E S S E S   A N D   S T R A I N S    I N   M E M B E R S 
-----------------------------------------------------------------------------
MEMBER           stress (N/m^2)                 Strain (computed from stress) 
 1      [  -6.00000000e+05,  -6.00000000e+05]   [  -3.00000000e-03,  -3.00000000e-03]
 2      [  -0.00000000e+00,  -0.00000000e+00]   [  -0.00000000e+00,  -0.00000000e+00]
 3      [  -0.00000000e+00,  -0.00000000e+00]   [  -0.00000000e+00,  -0.00000000e+00]
 4      [  -6.70820393e+05,  -6.70820393e+05]   [  -3.35410197e-03,  -3.35410197e-03]
 5      [  -0.00000000e+00,  -0.00000000e+00]   [  -0.00000000e+00,  -0.00000000e+00]
 6      [   9.00000000e+05,   9.00000000e+05]   [   4.50000000e-03,   4.50000000e-03]
 7      [  -0.00000000e+00,  -0.00000000e+00]   [  -0.00000000e+00,  -0.00000000e+00]
 8      [  -0.00000000e+00,  -0.00000000e+00]   [  -0.00000000e+00,  -0.00000000e+00]
 9      [  -0.00000000e+00,  -0.00000000e+00]   [  -0.00000000e+00,  -0.00000000e+00]
___________________________________________________________________________________________________
S T R A I N S   I N   M E M B E R S 
---------------------------------------------------------------------------------------------------
MEMBER  Combinatorial Solution              New Formulation                   Error%      LB-Error%     UB-Error%
  1  [  -3.000000e-03,  -3.000000e-03]   [  -0.000000e+00,   0.000000e+00]      ----         ----        -----
  2  [  -3.201333e-18,  -3.201333e-18]   [  -0.000000e+00,   0.000000e+00]      ----         ----        -----
  3  [   0.000000e+00,   0.000000e+00]   [  -0.000000e+00,   0.000000e+00]      ----         ----        -----
  4  [  -3.354102e-03,  -3.354102e-03]   [  -0.000000e+00,   0.000000e+00]      ----         ----        -----
  5  [   1.013570e-18,   1.013570e-18]   [  -0.000000e+00,   0.000000e+00]      ----         ----        -----
  6  [   4.500000e-03,   4.500000e-03]   [  -0.000000e+00,   0.000000e+00]      ----         ----        -----
  7  [   1.012797e-19,   1.012797e-19]   [  -0.000000e+00,   0.000000e+00]      ----         ----        -----
  8  [   3.410605e-18,   3.410605e-18]  [   1.333333e-03,   1.333333e-03]          Inf    -39093746765368776.000000    39093746765368784.000000
  9  [   1.136868e-18,   1.136868e-18]   [  -0.000000e+00,   0.000000e+00]      ----         ----        -----
